[ 2016-10-19T14:14:34+08:00 ] ::1 /Fanhuo/
INFO: [ app_init ] --START--
INFO: Run Behavior\BuildLiteBehavior [ RunTime:0.000025s ]
INFO: [ app_init ] --END-- [ RunTime:0.009613s ]
INFO: [ app_begin ] --START--
INFO: Run Behavior\ReadHtmlCacheBehavior [ RunTime:0.007718s ]
INFO: [ app_begin ] --END-- [ RunTime:0.007835s ]
NOTIC: [8] A session had already been started - ignoring session_start() E:\WAMP\www\Fanhuo\APP\Home\Controller\IndexController.class.php 第 7 行.
INFO: [ view_parse ] --START--
INFO: [ template_filter ] --START--
INFO: Run Behavior\ContentReplaceBehavior [ RunTime:0.000164s ]
INFO: [ template_filter ] --END-- [ RunTime:0.000310s ]
INFO: Run Behavior\ParseTemplateBehavior [ RunTime:0.080639s ]
INFO: [ view_parse ] --END-- [ RunTime:0.080799s ]
INFO: [ view_filter ] --START--
INFO: Run Behavior\WriteHtmlCacheBehavior [ RunTime:0.017365s ]
INFO: [ view_filter ] --END-- [ RunTime:0.017496s ]
INFO: [ app_end ] --START--
INFO: Run Behavior\ShowPageTraceBehavior [ RunTime:0.013809s ]
INFO: [ app_end ] --END-- [ RunTime:0.013967s ]

[ 2016-10-19T14:14:34+08:00 ] ::1 /Fanhuo/index.php/Home/Index/verify
INFO: [ app_init ] --START--
INFO: Run Behavior\BuildLiteBehavior [ RunTime:0.000022s ]
INFO: [ app_init ] --END-- [ RunTime:0.000500s ]
INFO: [ app_begin ] --START--
INFO: Run Behavior\ReadHtmlCacheBehavior [ RunTime:0.000445s ]
INFO: [ app_begin ] --END-- [ RunTime:0.000515s ]
NOTIC: [8] A session had already been started - ignoring session_start() E:\WAMP\www\Fanhuo\APP\Home\Controller\IndexController.class.php 第 7 行.
INFO: [ app_end ] --START--
INFO: Run Behavior\ShowPageTraceBehavior [ RunTime:0.000565s ]
INFO: [ app_end ] --END-- [ RunTime:0.000654s ]

[ 2016-10-19T14:14:47+08:00 ] ::1 /Fanhuo/index.php/Home/Index/ck_verify
INFO: [ app_init ] --START--
INFO: Run Behavior\BuildLiteBehavior [ RunTime:0.000015s ]
INFO: [ app_init ] --END-- [ RunTime:0.000340s ]
INFO: [ app_begin ] --START--
INFO: Run Behavior\ReadHtmlCacheBehavior [ RunTime:0.000472s ]
INFO: [ app_begin ] --END-- [ RunTime:0.000523s ]
NOTIC: [8] A session had already been started - ignoring session_start() E:\WAMP\www\Fanhuo\APP\Home\Controller\IndexController.class.php 第 7 行.
INFO: [ app_end ] --START--
INFO: Run Behavior\ShowPageTraceBehavior [ RunTime:0.000462s ]
INFO: [ app_end ] --END-- [ RunTime:0.000544s ]

[ 2016-10-19T14:14:48+08:00 ] ::1 /Fanhuo/index.php/Home/Index/land
INFO: [ app_init ] --START--
INFO: Run Behavior\BuildLiteBehavior [ RunTime:0.000014s ]
INFO: [ app_init ] --END-- [ RunTime:0.000306s ]
INFO: [ app_begin ] --START--
INFO: Run Behavior\ReadHtmlCacheBehavior [ RunTime:0.000394s ]
INFO: [ app_begin ] --END-- [ RunTime:0.000442s ]
NOTIC: [8] A session had already been started - ignoring session_start() E:\WAMP\www\Fanhuo\APP\Home\Controller\IndexController.class.php 第 7 行.
NOTIC: [8192] mysql_connect(): The mysql extension is deprecated and will be removed in the future: use mysqli or PDO instead E:\WAMP\www\Fanhuo\ThinkPHP\Library\Think\Db\Driver\Mysql.class.php 第 52 行.
SQL: SHOW COLUMNS FROM `user` [ RunTime:0.059592s ]
SQL: SELECT `id`,`name`,`pwd` FROM `user` WHERE ( user = 'uoi00@qq.com' )  [ RunTime:0.000887s ]
INFO: [ view_parse ] --START--
INFO: [ template_filter ] --START--
INFO: Run Behavior\ContentReplaceBehavior [ RunTime:0.000117s ]
INFO: [ template_filter ] --END-- [ RunTime:0.000261s ]
INFO: Run Behavior\ParseTemplateBehavior [ RunTime:0.033145s ]
INFO: [ view_parse ] --END-- [ RunTime:0.033293s ]
INFO: [ view_filter ] --START--
INFO: Run Behavior\WriteHtmlCacheBehavior [ RunTime:0.000469s ]
INFO: [ view_filter ] --END-- [ RunTime:0.000563s ]
INFO: [ app_end ] --START--
INFO: Run Behavior\ShowPageTraceBehavior [ RunTime:0.001065s ]
INFO: [ app_end ] --END-- [ RunTime:0.001193s ]

[ 2016-10-19T14:14:50+08:00 ] ::1 /Fanhuo/index.php/Home/Dmic/index
INFO: [ app_init ] --START--
INFO: Run Behavior\BuildLiteBehavior [ RunTime:0.000015s ]
INFO: [ app_init ] --END-- [ RunTime:0.000324s ]
INFO: [ app_begin ] --START--
INFO: Run Behavior\ReadHtmlCacheBehavior [ RunTime:0.000502s ]
INFO: [ app_begin ] --END-- [ RunTime:0.000577s ]
NOTIC: [8] A session had already been started - ignoring session_start() E:\WAMP\www\Fanhuo\APP\Home\Controller\DmicController.class.php 第 6 行.
NOTIC: [8] A session had already been started - ignoring session_start() E:\WAMP\www\Fanhuo\APP\Home\Controller\ContController.class.php 第 5 行.
INFO: [ view_parse ] --START--
INFO: [ template_filter ] --START--
INFO: Run Behavior\ContentReplaceBehavior [ RunTime:0.000072s ]
INFO: [ template_filter ] --END-- [ RunTime:0.000138s ]
INFO: Run Behavior\ParseTemplateBehavior [ RunTime:0.089354s ]
INFO: [ view_parse ] --END-- [ RunTime:0.089432s ]
INFO: [ view_filter ] --START--
INFO: Run Behavior\WriteHtmlCacheBehavior [ RunTime:0.000200s ]
INFO: [ view_filter ] --END-- [ RunTime:0.000238s ]
INFO: [ app_end ] --START--
INFO: Run Behavior\ShowPageTraceBehavior [ RunTime:0.000440s ]
INFO: [ app_end ] --END-- [ RunTime:0.000491s ]

[ 2016-10-19T14:14:51+08:00 ] ::1 /Fanhuo/index.php/Home/Dmic/get_atc
INFO: [ app_init ] --START--
INFO: Run Behavior\BuildLiteBehavior [ RunTime:0.000026s ]
INFO: [ app_init ] --END-- [ RunTime:0.000673s ]
INFO: [ app_begin ] --START--
INFO: Run Behavior\ReadHtmlCacheBehavior [ RunTime:0.000564s ]
INFO: [ app_begin ] --END-- [ RunTime:0.000622s ]
NOTIC: [8] A session had already been started - ignoring session_start() E:\WAMP\www\Fanhuo\APP\Home\Controller\DmicController.class.php 第 6 行.
NOTIC: [8] A session had already been started - ignoring session_start() E:\WAMP\www\Fanhuo\APP\Home\Controller\ContController.class.php 第 5 行.
NOTIC: [8192] mysql_connect(): The mysql extension is deprecated and will be removed in the future: use mysqli or PDO instead E:\WAMP\www\Fanhuo\ThinkPHP\Library\Think\Db\Driver\Mysql.class.php 第 52 行.
SQL: SHOW COLUMNS FROM `look` [ RunTime:0.049834s ]
NOTIC: [8] Use of undefined constant user - assumed 'user' E:\WAMP\www\Fanhuo\APP\Home\Controller\ContController.class.php 第 58 行.
NOTIC: [8] Use of undefined constant id - assumed 'id' E:\WAMP\www\Fanhuo\APP\Home\Controller\ContController.class.php 第 58 行.
SQL: SELECT `id_u` FROM `look` WHERE ( id_a = '1' )  [ RunTime:0.000752s ]
SQL: SHOW COLUMNS FROM `article` [ RunTime:0.013860s ]
SQL: SELECT `id`,`uid`,`title`,`body`,`ctime`,`care` FROM `article` WHERE ( uid=1 or uid= 2 or uid= 3 or uid= 4 or uid= 5 or uid= 6 or uid= 7 ) ORDER BY ctime desc LIMIT 0,5   [ RunTime:0.002116s ]
SQL: SHOW COLUMNS FROM `user` [ RunTime:0.006748s ]
SQL: SELECT `name`,`user` FROM `user` WHERE ( id = '1' )  [ RunTime:0.000506s ]
SQL: SELECT `name`,`user` FROM `user` WHERE ( id = '1' )  [ RunTime:0.000467s ]
SQL: SELECT `name`,`user` FROM `user` WHERE ( id = '1' )  [ RunTime:0.000264s ]
SQL: SELECT `name`,`user` FROM `user` WHERE ( id = '1' )  [ RunTime:0.000270s ]
SQL: SELECT `name`,`user` FROM `user` WHERE ( id = '1' )  [ RunTime:0.000240s ]
NOTIC: [8] Undefined offset: 5 E:\WAMP\www\Fanhuo\APP\Home\Controller\ContController.class.php 第 50 行.
INFO: [ app_end ] --START--
INFO: Run Behavior\ShowPageTraceBehavior [ RunTime:0.000929s ]
INFO: [ app_end ] --END-- [ RunTime:0.000995s ]

[ 2016-10-19T14:14:51+08:00 ] ::1 /Fanhuo/index.php/Home/Dmic/index
INFO: [ app_init ] --START--
INFO: Run Behavior\BuildLiteBehavior [ RunTime:0.000019s ]
INFO: [ app_init ] --END-- [ RunTime:0.000767s ]
INFO: [ app_begin ] --START--
INFO: Run Behavior\ReadHtmlCacheBehavior [ RunTime:0.000572s ]
INFO: [ app_begin ] --END-- [ RunTime:0.000643s ]
NOTIC: [8] A session had already been started - ignoring session_start() E:\WAMP\www\Fanhuo\APP\Home\Controller\DmicController.class.php 第 6 行.
NOTIC: [8] A session had already been started - ignoring session_start() E:\WAMP\www\Fanhuo\APP\Home\Controller\ContController.class.php 第 5 行.
INFO: [ view_parse ] --START--
INFO: [ template_filter ] --START--
INFO: Run Behavior\ContentReplaceBehavior [ RunTime:0.000077s ]
INFO: [ template_filter ] --END-- [ RunTime:0.000141s ]
INFO: Run Behavior\ParseTemplateBehavior [ RunTime:0.006346s ]
INFO: [ view_parse ] --END-- [ RunTime:0.006399s ]
INFO: [ view_filter ] --START--
INFO: Run Behavior\WriteHtmlCacheBehavior [ RunTime:0.000351s ]
INFO: [ view_filter ] --END-- [ RunTime:0.000387s ]
INFO: [ app_end ] --START--
INFO: Run Behavior\ShowPageTraceBehavior [ RunTime:0.000377s ]
INFO: [ app_end ] --END-- [ RunTime:0.000413s ]

[ 2016-10-19T14:14:52+08:00 ] ::1 /Fanhuo/index.php/Home/Dmic/get_atc
INFO: [ app_init ] --START--
INFO: Run Behavior\BuildLiteBehavior [ RunTime:0.000026s ]
INFO: [ app_init ] --END-- [ RunTime:0.000536s ]
INFO: [ app_begin ] --START--
INFO: Run Behavior\ReadHtmlCacheBehavior [ RunTime:0.000660s ]
INFO: [ app_begin ] --END-- [ RunTime:0.000753s ]
NOTIC: [8] A session had already been started - ignoring session_start() E:\WAMP\www\Fanhuo\APP\Home\Controller\DmicController.class.php 第 6 行.
NOTIC: [8] A session had already been started - ignoring session_start() E:\WAMP\www\Fanhuo\APP\Home\Controller\ContController.class.php 第 5 行.
NOTIC: [8192] mysql_connect(): The mysql extension is deprecated and will be removed in the future: use mysqli or PDO instead E:\WAMP\www\Fanhuo\ThinkPHP\Library\Think\Db\Driver\Mysql.class.php 第 52 行.
SQL: SHOW COLUMNS FROM `look` [ RunTime:0.006267s ]
NOTIC: [8] Use of undefined constant user - assumed 'user' E:\WAMP\www\Fanhuo\APP\Home\Controller\ContController.class.php 第 58 行.
NOTIC: [8] Use of undefined constant id - assumed 'id' E:\WAMP\www\Fanhuo\APP\Home\Controller\ContController.class.php 第 58 行.
SQL: SELECT `id_u` FROM `look` WHERE ( id_a = '1' )  [ RunTime:0.000644s ]
SQL: SHOW COLUMNS FROM `article` [ RunTime:0.006303s ]
SQL: SELECT `id`,`uid`,`title`,`body`,`ctime`,`care` FROM `article` WHERE ( uid=1 or uid= 2 or uid= 3 or uid= 4 or uid= 5 or uid= 6 or uid= 7 ) ORDER BY ctime desc LIMIT 0,5   [ RunTime:0.000787s ]
SQL: SHOW COLUMNS FROM `user` [ RunTime:0.006474s ]
SQL: SELECT `name`,`user` FROM `user` WHERE ( id = '1' )  [ RunTime:0.000509s ]
SQL: SELECT `name`,`user` FROM `user` WHERE ( id = '1' )  [ RunTime:0.000396s ]
SQL: SELECT `name`,`user` FROM `user` WHERE ( id = '1' )  [ RunTime:0.000414s ]
SQL: SELECT `name`,`user` FROM `user` WHERE ( id = '1' )  [ RunTime:0.000419s ]
SQL: SELECT `name`,`user` FROM `user` WHERE ( id = '1' )  [ RunTime:0.000338s ]
NOTIC: [8] Undefined offset: 5 E:\WAMP\www\Fanhuo\APP\Home\Controller\ContController.class.php 第 50 行.
INFO: [ app_end ] --START--
INFO: Run Behavior\ShowPageTraceBehavior [ RunTime:0.001208s ]
INFO: [ app_end ] --END-- [ RunTime:0.001312s ]

[ 2016-10-19T14:14:56+08:00 ] ::1 /Fanhuo/index.php/Home/Info/this_info?mail=%E6%B7%B7%E9%AD%82(uoi00@qq.com)&is=true
INFO: [ app_init ] --START--
INFO: Run Behavior\BuildLiteBehavior [ RunTime:0.000049s ]
INFO: [ app_init ] --END-- [ RunTime:0.000866s ]
INFO: [ app_begin ] --START--
INFO: Run Behavior\ReadHtmlCacheBehavior [ RunTime:0.000619s ]
INFO: [ app_begin ] --END-- [ RunTime:0.000715s ]
NOTIC: [8] A session had already been started - ignoring session_start() E:\WAMP\www\Fanhuo\APP\Home\Controller\InfoController.class.php 第 6 行.
NOTIC: [8] A session had already been started - ignoring session_start() E:\WAMP\www\Fanhuo\APP\Home\Controller\ContController.class.php 第 5 行.
NOTIC: [8192] mysql_connect(): The mysql extension is deprecated and will be removed in the future: use mysqli or PDO instead E:\WAMP\www\Fanhuo\ThinkPHP\Library\Think\Db\Driver\Mysql.class.php 第 52 行.
SQL: SHOW COLUMNS FROM `user` [ RunTime:0.007128s ]
SQL: select user.id,user.user,user.name,info.sex,info.birth,info.tel,info.job from `user`,`info` where user.id = info.id and user.user = 'uoi00@qq.com' [ RunTime:0.003237s ]
INFO: [ view_parse ] --START--
INFO: [ template_filter ] --START--
INFO: Run Behavior\ContentReplaceBehavior [ RunTime:0.000167s ]
INFO: [ template_filter ] --END-- [ RunTime:0.000316s ]
NOTIC: [8] Undefined index: addr E:\WAMP\www\Fanhuo\APP\Runtime\Cache\Home\84995aad4dd7a02da2da2a48d25bf1cd.php 第 54 行.
INFO: Run Behavior\ParseTemplateBehavior [ RunTime:0.066365s ]
INFO: [ view_parse ] --END-- [ RunTime:0.066537s ]
INFO: [ view_filter ] --START--
INFO: Run Behavior\WriteHtmlCacheBehavior [ RunTime:0.000482s ]
INFO: [ view_filter ] --END-- [ RunTime:0.000666s ]
INFO: [ app_end ] --START--
INFO: Run Behavior\ShowPageTraceBehavior [ RunTime:0.000989s ]
INFO: [ app_end ] --END-- [ RunTime:0.001089s ]

[ 2016-10-19T14:15:07+08:00 ] ::1 /Fanhuo/index.php/Home/News/index
INFO: [ app_init ] --START--
INFO: Run Behavior\BuildLiteBehavior [ RunTime:0.000016s ]
INFO: [ app_init ] --END-- [ RunTime:0.000366s ]
INFO: [ app_begin ] --START--
INFO: Run Behavior\ReadHtmlCacheBehavior [ RunTime:0.000527s ]
INFO: [ app_begin ] --END-- [ RunTime:0.000599s ]
NOTIC: [8] A session had already been started - ignoring session_start() E:\WAMP\www\Fanhuo\APP\Home\Controller\NewsController.class.php 第 4 行.
NOTIC: [8] A session had already been started - ignoring session_start() E:\WAMP\www\Fanhuo\APP\Home\Controller\ContController.class.php 第 5 行.
INFO: [ app_end ] --START--
INFO: Run Behavior\ShowPageTraceBehavior [ RunTime:0.000477s ]
INFO: [ app_end ] --END-- [ RunTime:0.000534s ]

