[ 2016-10-15T08:58:56+08:00 ] ::1 /Fanhuo/
INFO: [ app_init ] --START--
INFO: Run Behavior\BuildLiteBehavior [ RunTime:0.000035s ]
INFO: [ app_init ] --END-- [ RunTime:0.011671s ]
INFO: [ app_begin ] --START--
INFO: Run Behavior\ReadHtmlCacheBehavior [ RunTime:0.009621s ]
INFO: [ app_begin ] --END-- [ RunTime:0.009797s ]
NOTIC: [8] A session had already been started - ignoring session_start() E:\WAMP\www\Fanhuo\APP\Home\Controller\IndexController.class.php 第 7 行.
INFO: [ view_parse ] --START--
INFO: [ template_filter ] --START--
INFO: Run Behavior\ContentReplaceBehavior [ RunTime:0.000145s ]
INFO: [ template_filter ] --END-- [ RunTime:0.000322s ]
INFO: Run Behavior\ParseTemplateBehavior [ RunTime:0.072700s ]
INFO: [ view_parse ] --END-- [ RunTime:0.072869s ]
INFO: [ view_filter ] --START--
INFO: Run Behavior\WriteHtmlCacheBehavior [ RunTime:0.024674s ]
INFO: [ view_filter ] --END-- [ RunTime:0.024822s ]
INFO: [ app_end ] --START--
INFO: Run Behavior\ShowPageTraceBehavior [ RunTime:0.013337s ]
INFO: [ app_end ] --END-- [ RunTime:0.013545s ]

[ 2016-10-15T08:58:56+08:00 ] ::1 /Fanhuo/index.php/Home/Index/verify
INFO: [ app_init ] --START--
INFO: Run Behavior\BuildLiteBehavior [ RunTime:0.000031s ]
INFO: [ app_init ] --END-- [ RunTime:0.000708s ]
INFO: [ app_begin ] --START--
INFO: Run Behavior\ReadHtmlCacheBehavior [ RunTime:0.000910s ]
INFO: [ app_begin ] --END-- [ RunTime:0.001043s ]
NOTIC: [8] A session had already been started - ignoring session_start() E:\WAMP\www\Fanhuo\APP\Home\Controller\IndexController.class.php 第 7 行.
INFO: [ app_end ] --START--
INFO: Run Behavior\ShowPageTraceBehavior [ RunTime:0.001095s ]
INFO: [ app_end ] --END-- [ RunTime:0.001243s ]

