[ 2016-10-11T20:10:43+08:00 ] ::1 /Fanhuo/
INFO: [ app_init ] --START--
INFO: Run Behavior\BuildLiteBehavior [ RunTime:0.000026s ]
INFO: [ app_init ] --END-- [ RunTime:0.004749s ]
INFO: [ app_begin ] --START--
INFO: Run Behavior\ReadHtmlCacheBehavior [ RunTime:0.007807s ]
INFO: [ app_begin ] --END-- [ RunTime:0.007893s ]
NOTIC: [8] A session had already been started - ignoring session_start() E:\WAMP\www\Fanhuo\APP\Home\Controller\IndexController.class.php 第 7 行.
INFO: [ view_parse ] --START--
INFO: [ template_filter ] --START--
INFO: Run Behavior\ContentReplaceBehavior [ RunTime:0.000099s ]
INFO: [ template_filter ] --END-- [ RunTime:0.000184s ]
INFO: Run Behavior\ParseTemplateBehavior [ RunTime:0.054363s ]
INFO: [ view_parse ] --END-- [ RunTime:0.054452s ]
INFO: [ view_filter ] --START--
INFO: Run Behavior\WriteHtmlCacheBehavior [ RunTime:0.010085s ]
INFO: [ view_filter ] --END-- [ RunTime:0.010152s ]
INFO: [ app_end ] --START--
INFO: Run Behavior\ShowPageTraceBehavior [ RunTime:0.005600s ]
INFO: [ app_end ] --END-- [ RunTime:0.005655s ]

[ 2016-10-11T20:10:43+08:00 ] ::1 /Fanhuo/index.php/Home/Index/verify
INFO: [ app_init ] --START--
INFO: Run Behavior\BuildLiteBehavior [ RunTime:0.000016s ]
INFO: [ app_init ] --END-- [ RunTime:0.000375s ]
INFO: [ app_begin ] --START--
INFO: Run Behavior\ReadHtmlCacheBehavior [ RunTime:0.000544s ]
INFO: [ app_begin ] --END-- [ RunTime:0.000617s ]
NOTIC: [8] A session had already been started - ignoring session_start() E:\WAMP\www\Fanhuo\APP\Home\Controller\IndexController.class.php 第 7 行.
INFO: [ app_end ] --START--
INFO: Run Behavior\ShowPageTraceBehavior [ RunTime:0.000707s ]
INFO: [ app_end ] --END-- [ RunTime:0.000807s ]

[ 2016-10-11T20:10:58+08:00 ] ::1 /Fanhuo/index.php/Home/Index/ck_verify
INFO: [ app_init ] --START--
INFO: Run Behavior\BuildLiteBehavior [ RunTime:0.000021s ]
INFO: [ app_init ] --END-- [ RunTime:0.000458s ]
INFO: [ app_begin ] --START--
INFO: Run Behavior\ReadHtmlCacheBehavior [ RunTime:0.000606s ]
INFO: [ app_begin ] --END-- [ RunTime:0.000678s ]
NOTIC: [8] A session had already been started - ignoring session_start() E:\WAMP\www\Fanhuo\APP\Home\Controller\IndexController.class.php 第 7 行.
INFO: [ app_end ] --START--
INFO: Run Behavior\ShowPageTraceBehavior [ RunTime:0.000619s ]
INFO: [ app_end ] --END-- [ RunTime:0.000691s ]

[ 2016-10-11T20:10:59+08:00 ] ::1 /Fanhuo/index.php/Home/Index/ck_verify
INFO: [ app_init ] --START--
INFO: Run Behavior\BuildLiteBehavior [ RunTime:0.000013s ]
INFO: [ app_init ] --END-- [ RunTime:0.000274s ]
INFO: [ app_begin ] --START--
INFO: Run Behavior\ReadHtmlCacheBehavior [ RunTime:0.000350s ]
INFO: [ app_begin ] --END-- [ RunTime:0.000391s ]
NOTIC: [8] A session had already been started - ignoring session_start() E:\WAMP\www\Fanhuo\APP\Home\Controller\IndexController.class.php 第 7 行.
INFO: [ app_end ] --START--
INFO: Run Behavior\ShowPageTraceBehavior [ RunTime:0.000387s ]
INFO: [ app_end ] --END-- [ RunTime:0.000430s ]

[ 2016-10-11T20:11:00+08:00 ] ::1 /Fanhuo/index.php/Home/Index/land
INFO: [ app_init ] --START--
INFO: Run Behavior\BuildLiteBehavior [ RunTime:0.000016s ]
INFO: [ app_init ] --END-- [ RunTime:0.000425s ]
INFO: [ app_begin ] --START--
INFO: Run Behavior\ReadHtmlCacheBehavior [ RunTime:0.000400s ]
INFO: [ app_begin ] --END-- [ RunTime:0.000457s ]
NOTIC: [8] A session had already been started - ignoring session_start() E:\WAMP\www\Fanhuo\APP\Home\Controller\IndexController.class.php 第 7 行.
NOTIC: [8192] mysql_connect(): The mysql extension is deprecated and will be removed in the future: use mysqli or PDO instead E:\WAMP\www\Fanhuo\ThinkPHP\Library\Think\Db\Driver\Mysql.class.php 第 52 行.
SQL: SHOW COLUMNS FROM `user` [ RunTime:0.016658s ]
SQL: SELECT `id`,`name`,`pwd` FROM `user` WHERE ( user = 'uoi00@qq.com' )  [ RunTime:0.000916s ]
INFO: [ view_parse ] --START--
INFO: [ template_filter ] --START--
INFO: Run Behavior\ContentReplaceBehavior [ RunTime:0.000111s ]
INFO: [ template_filter ] --END-- [ RunTime:0.000230s ]
INFO: Run Behavior\ParseTemplateBehavior [ RunTime:0.049898s ]
INFO: [ view_parse ] --END-- [ RunTime:0.050019s ]
INFO: [ view_filter ] --START--
INFO: Run Behavior\WriteHtmlCacheBehavior [ RunTime:0.000408s ]
INFO: [ view_filter ] --END-- [ RunTime:0.000497s ]
INFO: [ app_end ] --START--
INFO: Run Behavior\ShowPageTraceBehavior [ RunTime:0.000935s ]
INFO: [ app_end ] --END-- [ RunTime:0.001028s ]

[ 2016-10-11T20:11:01+08:00 ] ::1 /Fanhuo/index.php/Home/Dmic/index
INFO: [ app_init ] --START--
INFO: Run Behavior\BuildLiteBehavior [ RunTime:0.000026s ]
INFO: [ app_init ] --END-- [ RunTime:0.000457s ]
INFO: [ app_begin ] --START--
INFO: Run Behavior\ReadHtmlCacheBehavior [ RunTime:0.000535s ]
INFO: [ app_begin ] --END-- [ RunTime:0.000618s ]
NOTIC: [8] A session had already been started - ignoring session_start() E:\WAMP\www\Fanhuo\APP\Home\Controller\DmicController.class.php 第 6 行.
NOTIC: [8] A session had already been started - ignoring session_start() E:\WAMP\www\Fanhuo\APP\Home\Controller\ContController.class.php 第 5 行.
INFO: [ view_parse ] --START--
INFO: [ template_filter ] --START--
INFO: Run Behavior\ContentReplaceBehavior [ RunTime:0.000157s ]
INFO: [ template_filter ] --END-- [ RunTime:0.000291s ]
INFO: Run Behavior\ParseTemplateBehavior [ RunTime:0.050865s ]
INFO: [ view_parse ] --END-- [ RunTime:0.050977s ]
INFO: [ view_filter ] --START--
INFO: Run Behavior\WriteHtmlCacheBehavior [ RunTime:0.000442s ]
INFO: [ view_filter ] --END-- [ RunTime:0.000529s ]
INFO: [ app_end ] --START--
INFO: Run Behavior\ShowPageTraceBehavior [ RunTime:0.000952s ]
INFO: [ app_end ] --END-- [ RunTime:0.001044s ]

[ 2016-10-11T20:11:02+08:00 ] ::1 /Fanhuo/index.php/Home/Dmic/get_atc
INFO: [ app_init ] --START--
INFO: Run Behavior\BuildLiteBehavior [ RunTime:0.000016s ]
INFO: [ app_init ] --END-- [ RunTime:0.000379s ]
INFO: [ app_begin ] --START--
INFO: Run Behavior\ReadHtmlCacheBehavior [ RunTime:0.000648s ]
INFO: [ app_begin ] --END-- [ RunTime:0.000721s ]
NOTIC: [8] A session had already been started - ignoring session_start() E:\WAMP\www\Fanhuo\APP\Home\Controller\DmicController.class.php 第 6 行.
NOTIC: [8] A session had already been started - ignoring session_start() E:\WAMP\www\Fanhuo\APP\Home\Controller\ContController.class.php 第 5 行.
NOTIC: [8192] mysql_connect(): The mysql extension is deprecated and will be removed in the future: use mysqli or PDO instead E:\WAMP\www\Fanhuo\ThinkPHP\Library\Think\Db\Driver\Mysql.class.php 第 52 行.
SQL: SHOW COLUMNS FROM `look` [ RunTime:0.008827s ]
NOTIC: [8] Use of undefined constant user - assumed 'user' E:\WAMP\www\Fanhuo\APP\Home\Controller\ContController.class.php 第 58 行.
NOTIC: [8] Use of undefined constant id - assumed 'id' E:\WAMP\www\Fanhuo\APP\Home\Controller\ContController.class.php 第 58 行.
SQL: SELECT `id_u` FROM `look` WHERE ( id_a = '1' )  [ RunTime:0.000807s ]
SQL: SHOW COLUMNS FROM `article` [ RunTime:0.008940s ]
SQL: SELECT `id`,`uid`,`title`,`body`,`ctime`,`care` FROM `article` WHERE ( uid=1 or uid= 2 or uid= 3 or uid= 4 or uid= 5 or uid= 6 or uid= 7 ) ORDER BY ctime desc LIMIT 0,5   [ RunTime:0.001261s ]
SQL: SHOW COLUMNS FROM `user` [ RunTime:0.005216s ]
SQL: SELECT `name`,`user` FROM `user` WHERE ( id = '1' )  [ RunTime:0.000364s ]
SQL: SELECT `name`,`user` FROM `user` WHERE ( id = '1' )  [ RunTime:0.000391s ]
SQL: SELECT `name`,`user` FROM `user` WHERE ( id = '1' )  [ RunTime:0.000208s ]
SQL: SELECT `name`,`user` FROM `user` WHERE ( id = '1' )  [ RunTime:0.000206s ]
SQL: SELECT `name`,`user` FROM `user` WHERE ( id = '1' )  [ RunTime:0.000196s ]
NOTIC: [8] Undefined offset: 5 E:\WAMP\www\Fanhuo\APP\Home\Controller\ContController.class.php 第 50 行.
INFO: [ app_end ] --START--
INFO: Run Behavior\ShowPageTraceBehavior [ RunTime:0.000781s ]
INFO: [ app_end ] --END-- [ RunTime:0.000841s ]

[ 2016-10-11T20:11:08+08:00 ] ::1 /Fanhuo/index.php/Home/Info/this_info?mail=u+y76ih1b2kwMEBxcS5jb20p&is=true
INFO: [ app_init ] --START--
INFO: Run Behavior\BuildLiteBehavior [ RunTime:0.000025s ]
INFO: [ app_init ] --END-- [ RunTime:0.000528s ]
INFO: [ app_begin ] --START--
INFO: Run Behavior\ReadHtmlCacheBehavior [ RunTime:0.000845s ]
INFO: [ app_begin ] --END-- [ RunTime:0.000986s ]
NOTIC: [8] A session had already been started - ignoring session_start() E:\WAMP\www\Fanhuo\APP\Home\Controller\InfoController.class.php 第 6 行.
NOTIC: [8] A session had already been started - ignoring session_start() E:\WAMP\www\Fanhuo\APP\Home\Controller\ContController.class.php 第 5 行.
NOTIC: [8192] mysql_connect(): The mysql extension is deprecated and will be removed in the future: use mysqli or PDO instead E:\WAMP\www\Fanhuo\ThinkPHP\Library\Think\Db\Driver\Mysql.class.php 第 52 行.
SQL: SHOW COLUMNS FROM `user` [ RunTime:0.009401s ]
SQL: select user.id,user.user,user.name,info.sex,info.birth,info.tel,info.job from `user`,`info` where user.id = info.id and user.user = '.' [ RunTime:0.001090s ]
NOTIC: [8] Undefined offset: 0 E:\WAMP\www\Fanhuo\APP\Home\Controller\InfoController.class.php 第 141 行.
INFO: [ view_parse ] --START--
INFO: [ template_filter ] --START--
INFO: Run Behavior\ContentReplaceBehavior [ RunTime:0.000167s ]
INFO: [ template_filter ] --END-- [ RunTime:0.000294s ]
INFO: Run Behavior\ParseTemplateBehavior [ RunTime:0.072542s ]
INFO: [ view_parse ] --END-- [ RunTime:0.072698s ]
INFO: [ view_filter ] --START--
INFO: Run Behavior\WriteHtmlCacheBehavior [ RunTime:0.000978s ]
INFO: [ view_filter ] --END-- [ RunTime:0.001137s ]
INFO: [ app_end ] --START--
INFO: Run Behavior\ShowPageTraceBehavior [ RunTime:0.001169s ]
INFO: [ app_end ] --END-- [ RunTime:0.001289s ]

[ 2016-10-11T20:11:20+08:00 ] ::1 /Fanhuo/index.php/Home/Info/this_info?mail=u+y76ih1b2kwMEBxcS5jb20p&is=true
INFO: [ app_init ] --START--
INFO: Run Behavior\BuildLiteBehavior [ RunTime:0.000030s ]
INFO: [ app_init ] --END-- [ RunTime:0.000776s ]
INFO: [ app_begin ] --START--
INFO: Run Behavior\ReadHtmlCacheBehavior [ RunTime:0.000767s ]
INFO: [ app_begin ] --END-- [ RunTime:0.000875s ]
NOTIC: [8] A session had already been started - ignoring session_start() E:\WAMP\www\Fanhuo\APP\Home\Controller\InfoController.class.php 第 6 行.
NOTIC: [8] A session had already been started - ignoring session_start() E:\WAMP\www\Fanhuo\APP\Home\Controller\ContController.class.php 第 5 行.
NOTIC: [8192] mysql_connect(): The mysql extension is deprecated and will be removed in the future: use mysqli or PDO instead E:\WAMP\www\Fanhuo\ThinkPHP\Library\Think\Db\Driver\Mysql.class.php 第 52 行.
SQL: SHOW COLUMNS FROM `user` [ RunTime:0.008971s ]
SQL: select user.id,user.user,user.name,info.sex,info.birth,info.tel,info.job from `user`,`info` where user.id = info.id and user.user = '.' [ RunTime:0.000637s ]
NOTIC: [8] Undefined offset: 0 E:\WAMP\www\Fanhuo\APP\Home\Controller\InfoController.class.php 第 141 行.
INFO: [ view_parse ] --START--
INFO: [ template_filter ] --START--
INFO: Run Behavior\ContentReplaceBehavior [ RunTime:0.000173s ]
INFO: [ template_filter ] --END-- [ RunTime:0.000290s ]
INFO: Run Behavior\ParseTemplateBehavior [ RunTime:0.014225s ]
INFO: [ view_parse ] --END-- [ RunTime:0.014379s ]
INFO: [ view_filter ] --START--
INFO: Run Behavior\WriteHtmlCacheBehavior [ RunTime:0.000446s ]
INFO: [ view_filter ] --END-- [ RunTime:0.000539s ]
INFO: [ app_end ] --START--
INFO: Run Behavior\ShowPageTraceBehavior [ RunTime:0.001055s ]
INFO: [ app_end ] --END-- [ RunTime:0.001154s ]

[ 2016-10-11T20:11:31+08:00 ] ::1 /Fanhuo/index.php/Home/Dmic/article
INFO: [ app_init ] --START--
INFO: Run Behavior\BuildLiteBehavior [ RunTime:0.000025s ]
INFO: [ app_init ] --END-- [ RunTime:0.000499s ]
INFO: [ app_begin ] --START--
INFO: Run Behavior\ReadHtmlCacheBehavior [ RunTime:0.000462s ]
INFO: [ app_begin ] --END-- [ RunTime:0.000527s ]
NOTIC: [8] A session had already been started - ignoring session_start() E:\WAMP\www\Fanhuo\APP\Home\Controller\DmicController.class.php 第 6 行.
NOTIC: [8] A session had already been started - ignoring session_start() E:\WAMP\www\Fanhuo\APP\Home\Controller\ContController.class.php 第 5 行.
INFO: [ view_parse ] --START--
INFO: [ template_filter ] --START--
INFO: Run Behavior\ContentReplaceBehavior [ RunTime:0.000067s ]
INFO: [ template_filter ] --END-- [ RunTime:0.000120s ]
INFO: Run Behavior\ParseTemplateBehavior [ RunTime:0.053269s ]
INFO: [ view_parse ] --END-- [ RunTime:0.053324s ]
INFO: [ view_filter ] --START--
INFO: Run Behavior\WriteHtmlCacheBehavior [ RunTime:0.000170s ]
INFO: [ view_filter ] --END-- [ RunTime:0.000206s ]
INFO: [ app_end ] --START--
INFO: Run Behavior\ShowPageTraceBehavior [ RunTime:0.000367s ]
INFO: [ app_end ] --END-- [ RunTime:0.000403s ]

[ 2016-10-11T20:11:34+08:00 ] ::1 /Fanhuo/index.php/Home/Dmic/get_atc
INFO: [ app_init ] --START--
INFO: Run Behavior\BuildLiteBehavior [ RunTime:0.000015s ]
INFO: [ app_init ] --END-- [ RunTime:0.000363s ]
INFO: [ app_begin ] --START--
INFO: Run Behavior\ReadHtmlCacheBehavior [ RunTime:0.001059s ]
INFO: [ app_begin ] --END-- [ RunTime:0.001173s ]
NOTIC: [8] A session had already been started - ignoring session_start() E:\WAMP\www\Fanhuo\APP\Home\Controller\DmicController.class.php 第 6 行.
NOTIC: [8] A session had already been started - ignoring session_start() E:\WAMP\www\Fanhuo\APP\Home\Controller\ContController.class.php 第 5 行.
NOTIC: [8192] mysql_connect(): The mysql extension is deprecated and will be removed in the future: use mysqli or PDO instead E:\WAMP\www\Fanhuo\ThinkPHP\Library\Think\Db\Driver\Mysql.class.php 第 52 行.
SQL: SHOW COLUMNS FROM `look` [ RunTime:0.008824s ]
NOTIC: [8] Use of undefined constant user - assumed 'user' E:\WAMP\www\Fanhuo\APP\Home\Controller\ContController.class.php 第 58 行.
NOTIC: [8] Use of undefined constant id - assumed 'id' E:\WAMP\www\Fanhuo\APP\Home\Controller\ContController.class.php 第 58 行.
SQL: SELECT `id_u` FROM `look` WHERE ( id_a = '1' )  [ RunTime:0.000672s ]
SQL: SHOW COLUMNS FROM `article` [ RunTime:0.009854s ]
SQL: SELECT `id`,`uid`,`title`,`body`,`ctime`,`care` FROM `article` WHERE ( uid=1 or uid= 2 or uid= 3 or uid= 4 or uid= 5 or uid= 6 or uid= 7 ) ORDER BY ctime desc LIMIT 0,5   [ RunTime:0.000887s ]
SQL: SHOW COLUMNS FROM `user` [ RunTime:0.008477s ]
SQL: SELECT `name`,`user` FROM `user` WHERE ( id = '1' )  [ RunTime:0.000397s ]
SQL: SELECT `name`,`user` FROM `user` WHERE ( id = '1' )  [ RunTime:0.000333s ]
SQL: SELECT `name`,`user` FROM `user` WHERE ( id = '1' )  [ RunTime:0.000300s ]
SQL: SELECT `name`,`user` FROM `user` WHERE ( id = '1' )  [ RunTime:0.000290s ]
SQL: SELECT `name`,`user` FROM `user` WHERE ( id = '1' )  [ RunTime:0.000256s ]
NOTIC: [8] Undefined offset: 5 E:\WAMP\www\Fanhuo\APP\Home\Controller\ContController.class.php 第 50 行.
INFO: [ app_end ] --START--
INFO: Run Behavior\ShowPageTraceBehavior [ RunTime:0.000901s ]
INFO: [ app_end ] --END-- [ RunTime:0.000964s ]

[ 2016-10-11T20:11:35+08:00 ] ::1 /Fanhuo/index.php/Home/Dmic/my_atc
INFO: [ app_init ] --START--
INFO: Run Behavior\BuildLiteBehavior [ RunTime:0.000019s ]
INFO: [ app_init ] --END-- [ RunTime:0.000430s ]
INFO: [ app_begin ] --START--
INFO: Run Behavior\ReadHtmlCacheBehavior [ RunTime:0.000456s ]
INFO: [ app_begin ] --END-- [ RunTime:0.000514s ]
NOTIC: [8] A session had already been started - ignoring session_start() E:\WAMP\www\Fanhuo\APP\Home\Controller\DmicController.class.php 第 6 行.
NOTIC: [8] A session had already been started - ignoring session_start() E:\WAMP\www\Fanhuo\APP\Home\Controller\ContController.class.php 第 5 行.
NOTIC: [8192] mysql_connect(): The mysql extension is deprecated and will be removed in the future: use mysqli or PDO instead E:\WAMP\www\Fanhuo\ThinkPHP\Library\Think\Db\Driver\Mysql.class.php 第 52 行.
SQL: SHOW COLUMNS FROM `article` [ RunTime:0.009339s ]
NOTIC: [8] Use of undefined constant user - assumed 'user' E:\WAMP\www\Fanhuo\APP\Home\Controller\DmicController.class.php 第 88 行.
NOTIC: [8] Use of undefined constant id - assumed 'id' E:\WAMP\www\Fanhuo\APP\Home\Controller\DmicController.class.php 第 88 行.
SQL: SELECT `id`,`title`,`body`,`ctime` FROM `article` WHERE ( uid=1 ) ORDER BY ctime desc  [ RunTime:0.000807s ]
INFO: [ view_parse ] --START--
INFO: [ template_filter ] --START--
INFO: Run Behavior\ContentReplaceBehavior [ RunTime:0.000163s ]
INFO: [ template_filter ] --END-- [ RunTime:0.000287s ]
INFO: Run Behavior\ParseTemplateBehavior [ RunTime:0.035611s ]
INFO: [ view_parse ] --END-- [ RunTime:0.035741s ]
INFO: [ view_filter ] --START--
INFO: Run Behavior\WriteHtmlCacheBehavior [ RunTime:0.000840s ]
INFO: [ view_filter ] --END-- [ RunTime:0.000982s ]
INFO: [ app_end ] --START--
INFO: Run Behavior\ShowPageTraceBehavior [ RunTime:0.001033s ]
INFO: [ app_end ] --END-- [ RunTime:0.001133s ]

[ 2016-10-11T20:11:40+08:00 ] ::1 /Fanhuo/index.php/Home/Dmic/index
INFO: [ app_init ] --START--
INFO: Run Behavior\BuildLiteBehavior [ RunTime:0.000018s ]
INFO: [ app_init ] --END-- [ RunTime:0.000484s ]
INFO: [ app_begin ] --START--
INFO: Run Behavior\ReadHtmlCacheBehavior [ RunTime:0.000629s ]
INFO: [ app_begin ] --END-- [ RunTime:0.000713s ]
NOTIC: [8] A session had already been started - ignoring session_start() E:\WAMP\www\Fanhuo\APP\Home\Controller\DmicController.class.php 第 6 行.
NOTIC: [8] A session had already been started - ignoring session_start() E:\WAMP\www\Fanhuo\APP\Home\Controller\ContController.class.php 第 5 行.
INFO: [ view_parse ] --START--
INFO: [ template_filter ] --START--
INFO: Run Behavior\ContentReplaceBehavior [ RunTime:0.000064s ]
INFO: [ template_filter ] --END-- [ RunTime:0.000120s ]
INFO: Run Behavior\ParseTemplateBehavior [ RunTime:0.007084s ]
INFO: [ view_parse ] --END-- [ RunTime:0.007138s ]
INFO: [ view_filter ] --START--
INFO: Run Behavior\WriteHtmlCacheBehavior [ RunTime:0.000301s ]
INFO: [ view_filter ] --END-- [ RunTime:0.000335s ]
INFO: [ app_end ] --START--
INFO: Run Behavior\ShowPageTraceBehavior [ RunTime:0.000407s ]
INFO: [ app_end ] --END-- [ RunTime:0.000444s ]

[ 2016-10-11T20:11:42+08:00 ] ::1 /Fanhuo/index.php/Home/Dmic/get_atc
INFO: [ app_init ] --START--
INFO: Run Behavior\BuildLiteBehavior [ RunTime:0.000014s ]
INFO: [ app_init ] --END-- [ RunTime:0.000337s ]
INFO: [ app_begin ] --START--
INFO: Run Behavior\ReadHtmlCacheBehavior [ RunTime:0.000646s ]
INFO: [ app_begin ] --END-- [ RunTime:0.000749s ]
NOTIC: [8] A session had already been started - ignoring session_start() E:\WAMP\www\Fanhuo\APP\Home\Controller\DmicController.class.php 第 6 行.
NOTIC: [8] A session had already been started - ignoring session_start() E:\WAMP\www\Fanhuo\APP\Home\Controller\ContController.class.php 第 5 行.
NOTIC: [8192] mysql_connect(): The mysql extension is deprecated and will be removed in the future: use mysqli or PDO instead E:\WAMP\www\Fanhuo\ThinkPHP\Library\Think\Db\Driver\Mysql.class.php 第 52 行.
SQL: SHOW COLUMNS FROM `look` [ RunTime:0.008558s ]
NOTIC: [8] Use of undefined constant user - assumed 'user' E:\WAMP\www\Fanhuo\APP\Home\Controller\ContController.class.php 第 58 行.
NOTIC: [8] Use of undefined constant id - assumed 'id' E:\WAMP\www\Fanhuo\APP\Home\Controller\ContController.class.php 第 58 行.
SQL: SELECT `id_u` FROM `look` WHERE ( id_a = '1' )  [ RunTime:0.000626s ]
SQL: SHOW COLUMNS FROM `article` [ RunTime:0.008571s ]
SQL: SELECT `id`,`uid`,`title`,`body`,`ctime`,`care` FROM `article` WHERE ( uid=1 or uid= 2 or uid= 3 or uid= 4 or uid= 5 or uid= 6 or uid= 7 ) ORDER BY ctime desc LIMIT 0,5   [ RunTime:0.000803s ]
SQL: SHOW COLUMNS FROM `user` [ RunTime:0.008487s ]
SQL: SELECT `name`,`user` FROM `user` WHERE ( id = '1' )  [ RunTime:0.000522s ]
SQL: SELECT `name`,`user` FROM `user` WHERE ( id = '1' )  [ RunTime:0.000425s ]
SQL: SELECT `name`,`user` FROM `user` WHERE ( id = '1' )  [ RunTime:0.000407s ]
SQL: SELECT `name`,`user` FROM `user` WHERE ( id = '1' )  [ RunTime:0.000420s ]
SQL: SELECT `name`,`user` FROM `user` WHERE ( id = '1' )  [ RunTime:0.000393s ]
NOTIC: [8] Undefined offset: 5 E:\WAMP\www\Fanhuo\APP\Home\Controller\ContController.class.php 第 50 行.
INFO: [ app_end ] --START--
INFO: Run Behavior\ShowPageTraceBehavior [ RunTime:0.001281s ]
INFO: [ app_end ] --END-- [ RunTime:0.001405s ]

[ 2016-10-11T20:11:44+08:00 ] ::1 /Fanhuo/index.php/Home/Cont/desc
INFO: [ app_init ] --START--
INFO: Run Behavior\BuildLiteBehavior [ RunTime:0.000018s ]
INFO: [ app_init ] --END-- [ RunTime:0.000403s ]
INFO: [ app_begin ] --START--
INFO: Run Behavior\ReadHtmlCacheBehavior [ RunTime:0.000447s ]
INFO: [ app_begin ] --END-- [ RunTime:0.000501s ]
NOTIC: [8] A session had already been started - ignoring session_start() E:\WAMP\www\Fanhuo\APP\Home\Controller\ContController.class.php 第 5 行.
INFO: [ view_parse ] --START--
INFO: [ template_filter ] --START--
INFO: Run Behavior\ContentReplaceBehavior [ RunTime:0.000047s ]
INFO: [ template_filter ] --END-- [ RunTime:0.000103s ]
INFO: Run Behavior\ParseTemplateBehavior [ RunTime:0.005904s ]
INFO: [ view_parse ] --END-- [ RunTime:0.005963s ]
INFO: [ view_filter ] --START--
INFO: Run Behavior\WriteHtmlCacheBehavior [ RunTime:0.000293s ]
INFO: [ view_filter ] --END-- [ RunTime:0.000328s ]
INFO: [ app_end ] --START--
INFO: Run Behavior\ShowPageTraceBehavior [ RunTime:0.000403s ]
INFO: [ app_end ] --END-- [ RunTime:0.000440s ]

[ 2016-10-11T20:11:45+08:00 ] ::1 /Fanhuo/index.php/Home/Index/index
INFO: [ app_init ] --START--
INFO: Run Behavior\BuildLiteBehavior [ RunTime:0.000016s ]
INFO: [ app_init ] --END-- [ RunTime:0.000343s ]
INFO: [ app_begin ] --START--
INFO: Run Behavior\ReadHtmlCacheBehavior [ RunTime:0.000438s ]
INFO: [ app_begin ] --END-- [ RunTime:0.000491s ]
NOTIC: [8] A session had already been started - ignoring session_start() E:\WAMP\www\Fanhuo\APP\Home\Controller\IndexController.class.php 第 7 行.
INFO: [ view_parse ] --START--
INFO: [ template_filter ] --START--
INFO: Run Behavior\ContentReplaceBehavior [ RunTime:0.000071s ]
INFO: [ template_filter ] --END-- [ RunTime:0.000134s ]
INFO: Run Behavior\ParseTemplateBehavior [ RunTime:0.006755s ]
INFO: [ view_parse ] --END-- [ RunTime:0.006833s ]
INFO: [ view_filter ] --START--
INFO: Run Behavior\WriteHtmlCacheBehavior [ RunTime:0.000389s ]
INFO: [ view_filter ] --END-- [ RunTime:0.000434s ]
INFO: [ app_end ] --START--
INFO: Run Behavior\ShowPageTraceBehavior [ RunTime:0.000535s ]
INFO: [ app_end ] --END-- [ RunTime:0.000588s ]

[ 2016-10-11T20:11:45+08:00 ] ::1 /Fanhuo/index.php/Home/Index/verify
INFO: [ app_init ] --START--
INFO: Run Behavior\BuildLiteBehavior [ RunTime:0.000029s ]
INFO: [ app_init ] --END-- [ RunTime:0.000487s ]
INFO: [ app_begin ] --START--
INFO: Run Behavior\ReadHtmlCacheBehavior [ RunTime:0.000569s ]
INFO: [ app_begin ] --END-- [ RunTime:0.000645s ]
NOTIC: [8] A session had already been started - ignoring session_start() E:\WAMP\www\Fanhuo\APP\Home\Controller\IndexController.class.php 第 7 行.
INFO: [ app_end ] --START--
INFO: Run Behavior\ShowPageTraceBehavior [ RunTime:0.000753s ]
INFO: [ app_end ] --END-- [ RunTime:0.000873s ]

[ 2016-10-11T20:11:57+08:00 ] ::1 /Fanhuo/
INFO: [ app_init ] --START--
INFO: Run Behavior\BuildLiteBehavior [ RunTime:0.000016s ]
INFO: [ app_init ] --END-- [ RunTime:0.000324s ]
INFO: [ app_begin ] --START--
INFO: Run Behavior\ReadHtmlCacheBehavior [ RunTime:0.000403s ]
INFO: [ app_begin ] --END-- [ RunTime:0.000456s ]
NOTIC: [8] A session had already been started - ignoring session_start() E:\WAMP\www\Fanhuo\APP\Home\Controller\IndexController.class.php 第 7 行.
INFO: [ view_parse ] --START--
INFO: [ template_filter ] --START--
INFO: Run Behavior\ContentReplaceBehavior [ RunTime:0.000059s ]
INFO: [ template_filter ] --END-- [ RunTime:0.000113s ]
INFO: Run Behavior\ParseTemplateBehavior [ RunTime:0.005772s ]
INFO: [ view_parse ] --END-- [ RunTime:0.005822s ]
INFO: [ view_filter ] --START--
INFO: Run Behavior\WriteHtmlCacheBehavior [ RunTime:0.000294s ]
INFO: [ view_filter ] --END-- [ RunTime:0.000329s ]
INFO: [ app_end ] --START--
INFO: Run Behavior\ShowPageTraceBehavior [ RunTime:0.000416s ]
INFO: [ app_end ] --END-- [ RunTime:0.000453s ]

[ 2016-10-11T20:11:58+08:00 ] ::1 /Fanhuo/index.php/Home/Index/verify
INFO: [ app_init ] --START--
INFO: Run Behavior\BuildLiteBehavior [ RunTime:0.000014s ]
INFO: [ app_init ] --END-- [ RunTime:0.000329s ]
INFO: [ app_begin ] --START--
INFO: Run Behavior\ReadHtmlCacheBehavior [ RunTime:0.000402s ]
INFO: [ app_begin ] --END-- [ RunTime:0.000456s ]
NOTIC: [8] A session had already been started - ignoring session_start() E:\WAMP\www\Fanhuo\APP\Home\Controller\IndexController.class.php 第 7 行.
INFO: [ app_end ] --START--
INFO: Run Behavior\ShowPageTraceBehavior [ RunTime:0.000482s ]
INFO: [ app_end ] --END-- [ RunTime:0.000544s ]

[ 2016-10-11T20:12:00+08:00 ] ::1 /Fanhuo/index.php/Home/Index/ck_verify
INFO: [ app_init ] --START--
INFO: Run Behavior\BuildLiteBehavior [ RunTime:0.000025s ]
INFO: [ app_init ] --END-- [ RunTime:0.000304s ]
INFO: [ app_begin ] --START--
INFO: Run Behavior\ReadHtmlCacheBehavior [ RunTime:0.000380s ]
INFO: [ app_begin ] --END-- [ RunTime:0.000421s ]
NOTIC: [8] A session had already been started - ignoring session_start() E:\WAMP\www\Fanhuo\APP\Home\Controller\IndexController.class.php 第 7 行.
INFO: [ app_end ] --START--
INFO: Run Behavior\ShowPageTraceBehavior [ RunTime:0.000439s ]
INFO: [ app_end ] --END-- [ RunTime:0.000524s ]

[ 2016-10-11T20:12:10+08:00 ] ::1 /Fanhuo/index.php/Home/Index/ck_verify
INFO: [ app_init ] --START--
INFO: Run Behavior\BuildLiteBehavior [ RunTime:0.000013s ]
INFO: [ app_init ] --END-- [ RunTime:0.000278s ]
INFO: [ app_begin ] --START--
INFO: Run Behavior\ReadHtmlCacheBehavior [ RunTime:0.000384s ]
INFO: [ app_begin ] --END-- [ RunTime:0.000424s ]
NOTIC: [8] A session had already been started - ignoring session_start() E:\WAMP\www\Fanhuo\APP\Home\Controller\IndexController.class.php 第 7 行.
INFO: [ app_end ] --START--
INFO: Run Behavior\ShowPageTraceBehavior [ RunTime:0.000361s ]
INFO: [ app_end ] --END-- [ RunTime:0.000405s ]

[ 2016-10-11T20:12:11+08:00 ] ::1 /Fanhuo/index.php/Home/Index/land
INFO: [ app_init ] --START--
INFO: Run Behavior\BuildLiteBehavior [ RunTime:0.000016s ]
INFO: [ app_init ] --END-- [ RunTime:0.000359s ]
INFO: [ app_begin ] --START--
INFO: Run Behavior\ReadHtmlCacheBehavior [ RunTime:0.000414s ]
INFO: [ app_begin ] --END-- [ RunTime:0.000462s ]
NOTIC: [8] A session had already been started - ignoring session_start() E:\WAMP\www\Fanhuo\APP\Home\Controller\IndexController.class.php 第 7 行.
NOTIC: [8192] mysql_connect(): The mysql extension is deprecated and will be removed in the future: use mysqli or PDO instead E:\WAMP\www\Fanhuo\ThinkPHP\Library\Think\Db\Driver\Mysql.class.php 第 52 行.
SQL: SHOW COLUMNS FROM `user` [ RunTime:0.016538s ]
SQL: SELECT `id`,`name`,`pwd` FROM `user` WHERE ( user = 'uoi00@qq.com' )  [ RunTime:0.000619s ]
INFO: [ view_parse ] --START--
INFO: [ template_filter ] --START--
INFO: Run Behavior\ContentReplaceBehavior [ RunTime:0.000118s ]
INFO: [ template_filter ] --END-- [ RunTime:0.000238s ]
INFO: Run Behavior\ParseTemplateBehavior [ RunTime:0.013865s ]
INFO: [ view_parse ] --END-- [ RunTime:0.013987s ]
INFO: [ view_filter ] --START--
INFO: Run Behavior\WriteHtmlCacheBehavior [ RunTime:0.000756s ]
INFO: [ view_filter ] --END-- [ RunTime:0.000865s ]
INFO: [ app_end ] --START--
INFO: Run Behavior\ShowPageTraceBehavior [ RunTime:0.000964s ]
INFO: [ app_end ] --END-- [ RunTime:0.001061s ]

[ 2016-10-11T20:12:11+08:00 ] ::1 /Fanhuo/index.php/Home/Index/ck_verify
INFO: [ app_init ] --START--
INFO: Run Behavior\BuildLiteBehavior [ RunTime:0.000014s ]
INFO: [ app_init ] --END-- [ RunTime:0.000301s ]
INFO: [ app_begin ] --START--
INFO: Run Behavior\ReadHtmlCacheBehavior [ RunTime:0.000377s ]
INFO: [ app_begin ] --END-- [ RunTime:0.000421s ]
NOTIC: [8] A session had already been started - ignoring session_start() E:\WAMP\www\Fanhuo\APP\Home\Controller\IndexController.class.php 第 7 行.
INFO: [ app_end ] --START--
INFO: Run Behavior\ShowPageTraceBehavior [ RunTime:0.000393s ]
INFO: [ app_end ] --END-- [ RunTime:0.000436s ]

[ 2016-10-11T20:12:12+08:00 ] ::1 /Fanhuo/index.php/Home/Dmic/index
INFO: [ app_init ] --START--
INFO: Run Behavior\BuildLiteBehavior [ RunTime:0.000017s ]
INFO: [ app_init ] --END-- [ RunTime:0.000372s ]
INFO: [ app_begin ] --START--
INFO: Run Behavior\ReadHtmlCacheBehavior [ RunTime:0.000517s ]
INFO: [ app_begin ] --END-- [ RunTime:0.000578s ]
NOTIC: [8] A session had already been started - ignoring session_start() E:\WAMP\www\Fanhuo\APP\Home\Controller\DmicController.class.php 第 6 行.
NOTIC: [8] A session had already been started - ignoring session_start() E:\WAMP\www\Fanhuo\APP\Home\Controller\ContController.class.php 第 5 行.
INFO: [ view_parse ] --START--
INFO: [ template_filter ] --START--
INFO: Run Behavior\ContentReplaceBehavior [ RunTime:0.000087s ]
INFO: [ template_filter ] --END-- [ RunTime:0.000159s ]
INFO: Run Behavior\ParseTemplateBehavior [ RunTime:0.008994s ]
INFO: [ view_parse ] --END-- [ RunTime:0.009062s ]
INFO: [ view_filter ] --START--
INFO: Run Behavior\WriteHtmlCacheBehavior [ RunTime:0.000438s ]
INFO: [ view_filter ] --END-- [ RunTime:0.000488s ]
INFO: [ app_end ] --START--
INFO: Run Behavior\ShowPageTraceBehavior [ RunTime:0.000512s ]
INFO: [ app_end ] --END-- [ RunTime:0.000554s ]

[ 2016-10-11T20:12:13+08:00 ] ::1 /Fanhuo/index.php/Home/Dmic/get_atc
INFO: [ app_init ] --START--
INFO: Run Behavior\BuildLiteBehavior [ RunTime:0.000014s ]
INFO: [ app_init ] --END-- [ RunTime:0.000310s ]
INFO: [ app_begin ] --START--
INFO: Run Behavior\ReadHtmlCacheBehavior [ RunTime:0.000380s ]
INFO: [ app_begin ] --END-- [ RunTime:0.000435s ]
NOTIC: [8] A session had already been started - ignoring session_start() E:\WAMP\www\Fanhuo\APP\Home\Controller\DmicController.class.php 第 6 行.
NOTIC: [8] A session had already been started - ignoring session_start() E:\WAMP\www\Fanhuo\APP\Home\Controller\ContController.class.php 第 5 行.
NOTIC: [8192] mysql_connect(): The mysql extension is deprecated and will be removed in the future: use mysqli or PDO instead E:\WAMP\www\Fanhuo\ThinkPHP\Library\Think\Db\Driver\Mysql.class.php 第 52 行.
SQL: SHOW COLUMNS FROM `look` [ RunTime:0.013306s ]
NOTIC: [8] Use of undefined constant user - assumed 'user' E:\WAMP\www\Fanhuo\APP\Home\Controller\ContController.class.php 第 58 行.
NOTIC: [8] Use of undefined constant id - assumed 'id' E:\WAMP\www\Fanhuo\APP\Home\Controller\ContController.class.php 第 58 行.
SQL: SELECT `id_u` FROM `look` WHERE ( id_a = '1' )  [ RunTime:0.000403s ]
SQL: SHOW COLUMNS FROM `article` [ RunTime:0.005706s ]
SQL: SELECT `id`,`uid`,`title`,`body`,`ctime`,`care` FROM `article` WHERE ( uid=1 or uid= 2 or uid= 3 or uid= 4 or uid= 5 or uid= 6 or uid= 7 ) ORDER BY ctime desc LIMIT 0,5   [ RunTime:0.000518s ]
SQL: SHOW COLUMNS FROM `user` [ RunTime:0.005342s ]
SQL: SELECT `name`,`user` FROM `user` WHERE ( id = '1' )  [ RunTime:0.000317s ]
SQL: SELECT `name`,`user` FROM `user` WHERE ( id = '1' )  [ RunTime:0.000236s ]
SQL: SELECT `name`,`user` FROM `user` WHERE ( id = '1' )  [ RunTime:0.000220s ]
SQL: SELECT `name`,`user` FROM `user` WHERE ( id = '1' )  [ RunTime:0.000220s ]
SQL: SELECT `name`,`user` FROM `user` WHERE ( id = '1' )  [ RunTime:0.000205s ]
NOTIC: [8] Undefined offset: 5 E:\WAMP\www\Fanhuo\APP\Home\Controller\ContController.class.php 第 50 行.
INFO: [ app_end ] --START--
INFO: Run Behavior\ShowPageTraceBehavior [ RunTime:0.000680s ]
INFO: [ app_end ] --END-- [ RunTime:0.000738s ]

[ 2016-10-11T20:12:16+08:00 ] ::1 /Fanhuo/index.php/Home/Info/this_info?mail=u+y76ih1b2kwMEBxcS5jb20p&is=true
INFO: [ app_init ] --START--
INFO: Run Behavior\BuildLiteBehavior [ RunTime:0.000014s ]
INFO: [ app_init ] --END-- [ RunTime:0.000341s ]
INFO: [ app_begin ] --START--
INFO: Run Behavior\ReadHtmlCacheBehavior [ RunTime:0.000443s ]
INFO: [ app_begin ] --END-- [ RunTime:0.000489s ]
NOTIC: [8] A session had already been started - ignoring session_start() E:\WAMP\www\Fanhuo\APP\Home\Controller\InfoController.class.php 第 6 行.
NOTIC: [8] A session had already been started - ignoring session_start() E:\WAMP\www\Fanhuo\APP\Home\Controller\ContController.class.php 第 5 行.
NOTIC: [8192] mysql_connect(): The mysql extension is deprecated and will be removed in the future: use mysqli or PDO instead E:\WAMP\www\Fanhuo\ThinkPHP\Library\Think\Db\Driver\Mysql.class.php 第 52 行.
SQL: SHOW COLUMNS FROM `user` [ RunTime:0.005514s ]
SQL: select user.id,user.user,user.name,info.sex,info.birth,info.tel,info.job from `user`,`info` where user.id = info.id and user.user = '.' [ RunTime:0.000415s ]
NOTIC: [8] Undefined offset: 0 E:\WAMP\www\Fanhuo\APP\Home\Controller\InfoController.class.php 第 141 行.
INFO: [ view_parse ] --START--
INFO: [ template_filter ] --START--
INFO: Run Behavior\ContentReplaceBehavior [ RunTime:0.000136s ]
INFO: [ template_filter ] --END-- [ RunTime:0.000241s ]
INFO: Run Behavior\ParseTemplateBehavior [ RunTime:0.010029s ]
INFO: [ view_parse ] --END-- [ RunTime:0.010107s ]
INFO: [ view_filter ] --START--
INFO: Run Behavior\WriteHtmlCacheBehavior [ RunTime:0.000478s ]
INFO: [ view_filter ] --END-- [ RunTime:0.000536s ]
INFO: [ app_end ] --START--
INFO: Run Behavior\ShowPageTraceBehavior [ RunTime:0.000559s ]
INFO: [ app_end ] --END-- [ RunTime:0.000616s ]

[ 2016-10-11T20:18:02+08:00 ] ::1 /Fanhuo/index.php/Home/Info/this_info?mail=u+y76ih1b2kwMEBxcS5jb20p&is=true
INFO: [ app_init ] --START--
INFO: Run Behavior\BuildLiteBehavior [ RunTime:0.000015s ]
INFO: [ app_init ] --END-- [ RunTime:0.000387s ]
INFO: [ app_begin ] --START--
INFO: Run Behavior\ReadHtmlCacheBehavior [ RunTime:0.000789s ]
INFO: [ app_begin ] --END-- [ RunTime:0.000883s ]
NOTIC: [8] A session had already been started - ignoring session_start() E:\WAMP\www\Fanhuo\APP\Home\Controller\InfoController.class.php 第 6 行.
NOTIC: [8] A session had already been started - ignoring session_start() E:\WAMP\www\Fanhuo\APP\Home\Controller\ContController.class.php 第 5 行.
NOTIC: [8192] mysql_connect(): The mysql extension is deprecated and will be removed in the future: use mysqli or PDO instead E:\WAMP\www\Fanhuo\ThinkPHP\Library\Think\Db\Driver\Mysql.class.php 第 52 行.
SQL: SHOW COLUMNS FROM `user` [ RunTime:0.016845s ]
SQL: select user.id,user.user,user.name,info.sex,info.birth,info.tel,info.job from `user`,`info` where user.id = info.id and user.user = '.' [ RunTime:0.000792s ]
NOTIC: [8] Undefined offset: 0 E:\WAMP\www\Fanhuo\APP\Home\Controller\InfoController.class.php 第 141 行.
INFO: [ view_parse ] --START--
INFO: [ template_filter ] --START--
INFO: Run Behavior\ContentReplaceBehavior [ RunTime:0.000168s ]
INFO: [ template_filter ] --END-- [ RunTime:0.000283s ]
INFO: Run Behavior\ParseTemplateBehavior [ RunTime:0.016327s ]
INFO: [ view_parse ] --END-- [ RunTime:0.016461s ]
INFO: [ view_filter ] --START--
INFO: Run Behavior\WriteHtmlCacheBehavior [ RunTime:0.000904s ]
INFO: [ view_filter ] --END-- [ RunTime:0.001008s ]
INFO: [ app_end ] --START--
INFO: Run Behavior\ShowPageTraceBehavior [ RunTime:0.001143s ]
INFO: [ app_end ] --END-- [ RunTime:0.001237s ]

[ 2016-10-11T20:18:59+08:00 ] ::1 /Fanhuo/index.php/Home/Info/this_info?mail=u+y76ih1b2kwMEBxcS5jb20p&is=true
INFO: [ app_init ] --START--
INFO: Run Behavior\BuildLiteBehavior [ RunTime:0.000015s ]
INFO: [ app_init ] --END-- [ RunTime:0.000350s ]
INFO: [ app_begin ] --START--
INFO: Run Behavior\ReadHtmlCacheBehavior [ RunTime:0.000446s ]
INFO: [ app_begin ] --END-- [ RunTime:0.000502s ]
NOTIC: [8] A session had already been started - ignoring session_start() E:\WAMP\www\Fanhuo\APP\Home\Controller\InfoController.class.php 第 6 行.
NOTIC: [8] A session had already been started - ignoring session_start() E:\WAMP\www\Fanhuo\APP\Home\Controller\ContController.class.php 第 5 行.
NOTIC: [8192] mysql_connect(): The mysql extension is deprecated and will be removed in the future: use mysqli or PDO instead E:\WAMP\www\Fanhuo\ThinkPHP\Library\Think\Db\Driver\Mysql.class.php 第 52 行.
SQL: SHOW COLUMNS FROM `user` [ RunTime:0.016062s ]
SQL: select user.id,user.user,user.name,info.sex,info.birth,info.tel,info.job from `user`,`info` where user.id = info.id and user.user = '.' [ RunTime:0.000747s ]
NOTIC: [8] Undefined offset: 0 E:\WAMP\www\Fanhuo\APP\Home\Controller\InfoController.class.php 第 142 行.
INFO: [ view_parse ] --START--
INFO: [ template_filter ] --START--
INFO: Run Behavior\ContentReplaceBehavior [ RunTime:0.000165s ]
INFO: [ template_filter ] --END-- [ RunTime:0.000279s ]
INFO: Run Behavior\ParseTemplateBehavior [ RunTime:0.015675s ]
INFO: [ view_parse ] --END-- [ RunTime:0.015798s ]
INFO: [ view_filter ] --START--
INFO: Run Behavior\WriteHtmlCacheBehavior [ RunTime:0.000737s ]
INFO: [ view_filter ] --END-- [ RunTime:0.000838s ]
INFO: [ app_end ] --START--
INFO: Run Behavior\ShowPageTraceBehavior [ RunTime:0.000931s ]
INFO: [ app_end ] --END-- [ RunTime:0.001028s ]

[ 2016-10-11T20:21:37+08:00 ] ::1 /Fanhuo/index.php/Home/Dmic/index
INFO: [ app_init ] --START--
INFO: Run Behavior\BuildLiteBehavior [ RunTime:0.000014s ]
INFO: [ app_init ] --END-- [ RunTime:0.000352s ]
INFO: [ app_begin ] --START--
INFO: Run Behavior\ReadHtmlCacheBehavior [ RunTime:0.000541s ]
INFO: [ app_begin ] --END-- [ RunTime:0.000607s ]
NOTIC: [8] A session had already been started - ignoring session_start() E:\WAMP\www\Fanhuo\APP\Home\Controller\DmicController.class.php 第 6 行.
NOTIC: [8] A session had already been started - ignoring session_start() E:\WAMP\www\Fanhuo\APP\Home\Controller\ContController.class.php 第 5 行.
INFO: [ view_parse ] --START--
INFO: [ template_filter ] --START--
INFO: Run Behavior\ContentReplaceBehavior [ RunTime:0.000067s ]
INFO: [ template_filter ] --END-- [ RunTime:0.000115s ]
INFO: Run Behavior\ParseTemplateBehavior [ RunTime:0.006023s ]
INFO: [ view_parse ] --END-- [ RunTime:0.006079s ]
INFO: [ view_filter ] --START--
INFO: Run Behavior\WriteHtmlCacheBehavior [ RunTime:0.000316s ]
INFO: [ view_filter ] --END-- [ RunTime:0.000352s ]
INFO: [ app_end ] --START--
INFO: Run Behavior\ShowPageTraceBehavior [ RunTime:0.000468s ]
INFO: [ app_end ] --END-- [ RunTime:0.000507s ]

[ 2016-10-11T20:21:38+08:00 ] ::1 /Fanhuo/index.php/Home/Dmic/get_atc
INFO: [ app_init ] --START--
INFO: Run Behavior\BuildLiteBehavior [ RunTime:0.000020s ]
INFO: [ app_init ] --END-- [ RunTime:0.000421s ]
INFO: [ app_begin ] --START--
INFO: Run Behavior\ReadHtmlCacheBehavior [ RunTime:0.000580s ]
INFO: [ app_begin ] --END-- [ RunTime:0.000651s ]
NOTIC: [8] A session had already been started - ignoring session_start() E:\WAMP\www\Fanhuo\APP\Home\Controller\DmicController.class.php 第 6 行.
NOTIC: [8] A session had already been started - ignoring session_start() E:\WAMP\www\Fanhuo\APP\Home\Controller\ContController.class.php 第 5 行.
NOTIC: [8192] mysql_connect(): The mysql extension is deprecated and will be removed in the future: use mysqli or PDO instead E:\WAMP\www\Fanhuo\ThinkPHP\Library\Think\Db\Driver\Mysql.class.php 第 52 行.
SQL: SHOW COLUMNS FROM `look` [ RunTime:0.016549s ]
NOTIC: [8] Use of undefined constant user - assumed 'user' E:\WAMP\www\Fanhuo\APP\Home\Controller\ContController.class.php 第 58 行.
NOTIC: [8] Use of undefined constant id - assumed 'id' E:\WAMP\www\Fanhuo\APP\Home\Controller\ContController.class.php 第 58 行.
SQL: SELECT `id_u` FROM `look` WHERE ( id_a = '1' )  [ RunTime:0.000656s ]
SQL: SHOW COLUMNS FROM `article` [ RunTime:0.009375s ]
SQL: SELECT `id`,`uid`,`title`,`body`,`ctime`,`care` FROM `article` WHERE ( uid=1 or uid= 2 or uid= 3 or uid= 4 or uid= 5 or uid= 6 or uid= 7 ) ORDER BY ctime desc LIMIT 0,5   [ RunTime:0.001103s ]
SQL: SHOW COLUMNS FROM `user` [ RunTime:0.008188s ]
SQL: SELECT `name`,`user` FROM `user` WHERE ( id = '1' )  [ RunTime:0.000555s ]
SQL: SELECT `name`,`user` FROM `user` WHERE ( id = '1' )  [ RunTime:0.000481s ]
SQL: SELECT `name`,`user` FROM `user` WHERE ( id = '1' )  [ RunTime:0.000463s ]
SQL: SELECT `name`,`user` FROM `user` WHERE ( id = '1' )  [ RunTime:0.000481s ]
SQL: SELECT `name`,`user` FROM `user` WHERE ( id = '1' )  [ RunTime:0.000463s ]
NOTIC: [8] Undefined offset: 5 E:\WAMP\www\Fanhuo\APP\Home\Controller\ContController.class.php 第 50 行.
INFO: [ app_end ] --START--
INFO: Run Behavior\ShowPageTraceBehavior [ RunTime:0.001168s ]
INFO: [ app_end ] --END-- [ RunTime:0.001264s ]

[ 2016-10-11T20:21:41+08:00 ] ::1 /Fanhuo/index.php/Home/Info/this_info?mail=%E6%B7%B7%E9%AD%82(uoi00@qq.com)&is=true
INFO: [ app_init ] --START--
INFO: Run Behavior\BuildLiteBehavior [ RunTime:0.000015s ]
INFO: [ app_init ] --END-- [ RunTime:0.000323s ]
INFO: [ app_begin ] --START--
INFO: Run Behavior\ReadHtmlCacheBehavior [ RunTime:0.000404s ]
INFO: [ app_begin ] --END-- [ RunTime:0.000454s ]
NOTIC: [8] A session had already been started - ignoring session_start() E:\WAMP\www\Fanhuo\APP\Home\Controller\InfoController.class.php 第 6 行.
NOTIC: [8] A session had already been started - ignoring session_start() E:\WAMP\www\Fanhuo\APP\Home\Controller\ContController.class.php 第 5 行.
NOTIC: [8192] mysql_connect(): The mysql extension is deprecated and will be removed in the future: use mysqli or PDO instead E:\WAMP\www\Fanhuo\ThinkPHP\Library\Think\Db\Driver\Mysql.class.php 第 52 行.
SQL: SHOW COLUMNS FROM `user` [ RunTime:0.016349s ]
SQL: select user.id,user.user,user.name,info.sex,info.birth,info.tel,info.job from `user`,`info` where user.id = info.id and user.user = 'uoi00@qq.com' [ RunTime:0.001045s ]
INFO: [ view_parse ] --START--
INFO: [ template_filter ] --START--
INFO: Run Behavior\ContentReplaceBehavior [ RunTime:0.000166s ]
INFO: [ template_filter ] --END-- [ RunTime:0.000286s ]
NOTIC: [8] Undefined index: addr E:\WAMP\www\Fanhuo\APP\Runtime\Cache\Home\84995aad4dd7a02da2da2a48d25bf1cd.php 第 55 行.
INFO: Run Behavior\ParseTemplateBehavior [ RunTime:0.016658s ]
INFO: [ view_parse ] --END-- [ RunTime:0.016775s ]
INFO: [ view_filter ] --START--
INFO: Run Behavior\WriteHtmlCacheBehavior [ RunTime:0.000791s ]
INFO: [ view_filter ] --END-- [ RunTime:0.000886s ]
INFO: [ app_end ] --START--
INFO: Run Behavior\ShowPageTraceBehavior [ RunTime:0.001084s ]
INFO: [ app_end ] --END-- [ RunTime:0.001187s ]

[ 2016-10-11T20:22:06+08:00 ] ::1 /Fanhuo/index.php/Home/Info/this_info?mail=%E6%B7%B7%E9%AD%82(uoi00@qq.com)&is=true
INFO: [ app_init ] --START--
INFO: Run Behavior\BuildLiteBehavior [ RunTime:0.000014s ]
INFO: [ app_init ] --END-- [ RunTime:0.000306s ]
INFO: [ app_begin ] --START--
INFO: Run Behavior\ReadHtmlCacheBehavior [ RunTime:0.000416s ]
INFO: [ app_begin ] --END-- [ RunTime:0.000466s ]
NOTIC: [8] A session had already been started - ignoring session_start() E:\WAMP\www\Fanhuo\APP\Home\Controller\InfoController.class.php 第 6 行.
NOTIC: [8] A session had already been started - ignoring session_start() E:\WAMP\www\Fanhuo\APP\Home\Controller\ContController.class.php 第 5 行.
NOTIC: [8192] mysql_connect(): The mysql extension is deprecated and will be removed in the future: use mysqli or PDO instead E:\WAMP\www\Fanhuo\ThinkPHP\Library\Think\Db\Driver\Mysql.class.php 第 52 行.
SQL: SHOW COLUMNS FROM `user` [ RunTime:0.010225s ]
SQL: select user.id,user.user,user.name,info.sex,info.birth,info.tel,info.job from `user`,`info` where user.id = info.id and user.user = 'uoi00@qq.com' [ RunTime:0.000854s ]
INFO: [ view_parse ] --START--
INFO: [ template_filter ] --START--
INFO: Run Behavior\ContentReplaceBehavior [ RunTime:0.000164s ]
INFO: [ template_filter ] --END-- [ RunTime:0.000282s ]
NOTIC: [8] Undefined index: addr E:\WAMP\www\Fanhuo\APP\Runtime\Cache\Home\84995aad4dd7a02da2da2a48d25bf1cd.php 第 54 行.
INFO: Run Behavior\ParseTemplateBehavior [ RunTime:0.018552s ]
INFO: [ view_parse ] --END-- [ RunTime:0.018706s ]
INFO: [ view_filter ] --START--
INFO: Run Behavior\WriteHtmlCacheBehavior [ RunTime:0.000775s ]
INFO: [ view_filter ] --END-- [ RunTime:0.000869s ]
INFO: [ app_end ] --START--
INFO: Run Behavior\ShowPageTraceBehavior [ RunTime:0.000908s ]
INFO: [ app_end ] --END-- [ RunTime:0.000999s ]

[ 2016-10-11T20:22:13+08:00 ] ::1 /Fanhuo/index.php/Home/Info/index
INFO: [ app_init ] --START--
INFO: Run Behavior\BuildLiteBehavior [ RunTime:0.000023s ]
INFO: [ app_init ] --END-- [ RunTime:0.000305s ]
INFO: [ app_begin ] --START--
INFO: Run Behavior\ReadHtmlCacheBehavior [ RunTime:0.000398s ]
INFO: [ app_begin ] --END-- [ RunTime:0.000443s ]
NOTIC: [8] A session had already been started - ignoring session_start() E:\WAMP\www\Fanhuo\APP\Home\Controller\InfoController.class.php 第 6 行.
NOTIC: [8] A session had already been started - ignoring session_start() E:\WAMP\www\Fanhuo\APP\Home\Controller\ContController.class.php 第 5 行.
NOTIC: [8192] mysql_connect(): The mysql extension is deprecated and will be removed in the future: use mysqli or PDO instead E:\WAMP\www\Fanhuo\ThinkPHP\Library\Think\Db\Driver\Mysql.class.php 第 52 行.
SQL: SHOW COLUMNS FROM `info` [ RunTime:0.015825s ]
NOTIC: [8] Use of undefined constant user - assumed 'user' E:\WAMP\www\Fanhuo\APP\Home\Controller\InfoController.class.php 第 43 行.
NOTIC: [8] Use of undefined constant id - assumed 'id' E:\WAMP\www\Fanhuo\APP\Home\Controller\InfoController.class.php 第 43 行.
SQL: SELECT * FROM `info` WHERE ( id = '1' )  [ RunTime:0.000716s ]
SQL: SHOW COLUMNS FROM `user` [ RunTime:0.008666s ]
SQL: select user.id,user.user,user.name,info.sex,info.birth,info.tel,info.job from `user`,`info` where user.id = info.id and user.id = '1' [ RunTime:0.000632s ]
NOTIC: [8] Use of undefined constant user - assumed 'user' E:\WAMP\www\Fanhuo\APP\Home\Controller\InfoController.class.php 第 60 行.
NOTIC: [8] Use of undefined constant id - assumed 'id' E:\WAMP\www\Fanhuo\APP\Home\Controller\InfoController.class.php 第 60 行.
SQL: select user.id,user.user,user.name from look,user where user.id = look.id_u and look.id_a = 1 [ RunTime:0.000740s ]
NOTIC: [8] Use of undefined constant user - assumed 'user' E:\WAMP\www\Fanhuo\APP\Home\Controller\InfoController.class.php 第 66 行.
NOTIC: [8] Use of undefined constant id - assumed 'id' E:\WAMP\www\Fanhuo\APP\Home\Controller\InfoController.class.php 第 66 行.
SQL: select user.id,user.user,user.name from look,user where ( user.id = look.id_u and look.id_a = 1 ) limit 0 , 5 [ RunTime:0.000842s ]
INFO: [ view_parse ] --START--
INFO: [ template_filter ] --START--
INFO: Run Behavior\ContentReplaceBehavior [ RunTime:0.000221s ]
INFO: [ template_filter ] --END-- [ RunTime:0.000339s ]
NOTIC: [8] Undefined index: addr E:\WAMP\www\Fanhuo\APP\Runtime\Cache\Home\e1584757817b653e12867d934f49c9e6.php 第 72 行.
INFO: Run Behavior\ParseTemplateBehavior [ RunTime:0.028427s ]
INFO: [ view_parse ] --END-- [ RunTime:0.028561s ]
INFO: [ view_filter ] --START--
INFO: Run Behavior\WriteHtmlCacheBehavior [ RunTime:0.000757s ]
INFO: [ view_filter ] --END-- [ RunTime:0.000871s ]
INFO: [ app_end ] --START--
INFO: Run Behavior\ShowPageTraceBehavior [ RunTime:0.000903s ]
INFO: [ app_end ] --END-- [ RunTime:0.001004s ]

[ 2016-10-11T20:22:31+08:00 ] ::1 /Fanhuo/index.php/Home/Info/user_sel
INFO: [ app_init ] --START--
INFO: Run Behavior\BuildLiteBehavior [ RunTime:0.000017s ]
INFO: [ app_init ] --END-- [ RunTime:0.000519s ]
INFO: [ app_begin ] --START--
INFO: Run Behavior\ReadHtmlCacheBehavior [ RunTime:0.000404s ]
INFO: [ app_begin ] --END-- [ RunTime:0.000456s ]
NOTIC: [8] A session had already been started - ignoring session_start() E:\WAMP\www\Fanhuo\APP\Home\Controller\InfoController.class.php 第 6 行.
NOTIC: [8] A session had already been started - ignoring session_start() E:\WAMP\www\Fanhuo\APP\Home\Controller\ContController.class.php 第 5 行.
NOTIC: [8192] mysql_connect(): The mysql extension is deprecated and will be removed in the future: use mysqli or PDO instead E:\WAMP\www\Fanhuo\ThinkPHP\Library\Think\Db\Driver\Mysql.class.php 第 52 行.
SQL: SHOW COLUMNS FROM `user` [ RunTime:0.016019s ]
SQL: SELECT `id`,`name`,`user` FROM `user` WHERE ( user = 'test1@qq.com' or name = 'test1@qq.com' )  [ RunTime:0.000636s ]
NOTIC: [8] Undefined offset: 1 E:\WAMP\www\Fanhuo\APP\Home\Controller\ContController.class.php 第 50 行.
INFO: [ app_end ] --START--
INFO: Run Behavior\ShowPageTraceBehavior [ RunTime:0.001144s ]
INFO: [ app_end ] --END-- [ RunTime:0.001238s ]

[ 2016-10-11T20:23:50+08:00 ] ::1 /Fanhuo/index.php/Home/Info/index
INFO: [ app_init ] --START--
INFO: Run Behavior\BuildLiteBehavior [ RunTime:0.000015s ]
INFO: [ app_init ] --END-- [ RunTime:0.000388s ]
INFO: [ app_begin ] --START--
INFO: Run Behavior\ReadHtmlCacheBehavior [ RunTime:0.000519s ]
INFO: [ app_begin ] --END-- [ RunTime:0.000575s ]
NOTIC: [8] A session had already been started - ignoring session_start() E:\WAMP\www\Fanhuo\APP\Home\Controller\InfoController.class.php 第 6 行.
NOTIC: [8] A session had already been started - ignoring session_start() E:\WAMP\www\Fanhuo\APP\Home\Controller\ContController.class.php 第 5 行.
NOTIC: [8192] mysql_connect(): The mysql extension is deprecated and will be removed in the future: use mysqli or PDO instead E:\WAMP\www\Fanhuo\ThinkPHP\Library\Think\Db\Driver\Mysql.class.php 第 52 行.
SQL: SHOW COLUMNS FROM `info` [ RunTime:0.009070s ]
NOTIC: [8] Use of undefined constant user - assumed 'user' E:\WAMP\www\Fanhuo\APP\Home\Controller\InfoController.class.php 第 43 行.
NOTIC: [8] Use of undefined constant id - assumed 'id' E:\WAMP\www\Fanhuo\APP\Home\Controller\InfoController.class.php 第 43 行.
SQL: SELECT * FROM `info` WHERE ( id = '1' )  [ RunTime:0.000675s ]
SQL: SHOW COLUMNS FROM `user` [ RunTime:0.008408s ]
SQL: select user.id,user.user,user.name,info.sex,info.birth,info.tel,info.job from `user`,`info` where user.id = info.id and user.id = '1' [ RunTime:0.000675s ]
NOTIC: [8] Use of undefined constant user - assumed 'user' E:\WAMP\www\Fanhuo\APP\Home\Controller\InfoController.class.php 第 60 行.
NOTIC: [8] Use of undefined constant id - assumed 'id' E:\WAMP\www\Fanhuo\APP\Home\Controller\InfoController.class.php 第 60 行.
SQL: select user.id,user.user,user.name from look,user where user.id = look.id_u and look.id_a = 1 [ RunTime:0.000644s ]
NOTIC: [8] Use of undefined constant user - assumed 'user' E:\WAMP\www\Fanhuo\APP\Home\Controller\InfoController.class.php 第 66 行.
NOTIC: [8] Use of undefined constant id - assumed 'id' E:\WAMP\www\Fanhuo\APP\Home\Controller\InfoController.class.php 第 66 行.
SQL: select user.id,user.user,user.name from look,user where ( user.id = look.id_u and look.id_a = 1 ) limit 0 , 5 [ RunTime:0.000665s ]
INFO: [ view_parse ] --START--
INFO: [ template_filter ] --START--
INFO: Run Behavior\ContentReplaceBehavior [ RunTime:0.000217s ]
INFO: [ template_filter ] --END-- [ RunTime:0.000333s ]
NOTIC: [8] Undefined index: addr E:\WAMP\www\Fanhuo\APP\Runtime\Cache\Home\e1584757817b653e12867d934f49c9e6.php 第 72 行.
INFO: Run Behavior\ParseTemplateBehavior [ RunTime:0.019169s ]
INFO: [ view_parse ] --END-- [ RunTime:0.019301s ]
INFO: [ view_filter ] --START--
INFO: Run Behavior\WriteHtmlCacheBehavior [ RunTime:0.000808s ]
INFO: [ view_filter ] --END-- [ RunTime:0.000899s ]
INFO: [ app_end ] --START--
INFO: Run Behavior\ShowPageTraceBehavior [ RunTime:0.001274s ]
INFO: [ app_end ] --END-- [ RunTime:0.001386s ]

[ 2016-10-11T20:23:56+08:00 ] ::1 /Fanhuo/index.php/Home/Info/user_sel
INFO: [ app_init ] --START--
INFO: Run Behavior\BuildLiteBehavior [ RunTime:0.000025s ]
INFO: [ app_init ] --END-- [ RunTime:0.000336s ]
INFO: [ app_begin ] --START--
INFO: Run Behavior\ReadHtmlCacheBehavior [ RunTime:0.000843s ]
INFO: [ app_begin ] --END-- [ RunTime:0.000969s ]
NOTIC: [8] A session had already been started - ignoring session_start() E:\WAMP\www\Fanhuo\APP\Home\Controller\InfoController.class.php 第 6 行.
NOTIC: [8] A session had already been started - ignoring session_start() E:\WAMP\www\Fanhuo\APP\Home\Controller\ContController.class.php 第 5 行.
NOTIC: [8192] mysql_connect(): The mysql extension is deprecated and will be removed in the future: use mysqli or PDO instead E:\WAMP\www\Fanhuo\ThinkPHP\Library\Think\Db\Driver\Mysql.class.php 第 52 行.
SQL: SHOW COLUMNS FROM `user` [ RunTime:0.016469s ]
SQL: SELECT `id`,`name`,`user` FROM `user` WHERE ( user = 'test1@qq.com' or name = 'test1@qq.com' )  [ RunTime:0.000658s ]
NOTIC: [8] Undefined offset: 1 E:\WAMP\www\Fanhuo\APP\Home\Controller\ContController.class.php 第 50 行.
INFO: [ app_end ] --START--
INFO: Run Behavior\ShowPageTraceBehavior [ RunTime:0.001143s ]
INFO: [ app_end ] --END-- [ RunTime:0.001237s ]

[ 2016-10-11T20:32:30+08:00 ] ::1 /Fanhuo/index.php/Home/Info/index
INFO: [ app_init ] --START--
INFO: Run Behavior\BuildLiteBehavior [ RunTime:0.000037s ]
INFO: [ app_init ] --END-- [ RunTime:0.000520s ]
INFO: [ app_begin ] --START--
INFO: Run Behavior\ReadHtmlCacheBehavior [ RunTime:0.000484s ]
INFO: [ app_begin ] --END-- [ RunTime:0.000531s ]
NOTIC: [8] A session had already been started - ignoring session_start() E:\WAMP\www\Fanhuo\APP\Home\Controller\InfoController.class.php 第 6 行.
NOTIC: [8] A session had already been started - ignoring session_start() E:\WAMP\www\Fanhuo\APP\Home\Controller\ContController.class.php 第 5 行.
NOTIC: [8192] mysql_connect(): The mysql extension is deprecated and will be removed in the future: use mysqli or PDO instead E:\WAMP\www\Fanhuo\ThinkPHP\Library\Think\Db\Driver\Mysql.class.php 第 52 行.
SQL: SHOW COLUMNS FROM `info` [ RunTime:0.017715s ]
NOTIC: [8] Use of undefined constant user - assumed 'user' E:\WAMP\www\Fanhuo\APP\Home\Controller\InfoController.class.php 第 43 行.
NOTIC: [8] Use of undefined constant id - assumed 'id' E:\WAMP\www\Fanhuo\APP\Home\Controller\InfoController.class.php 第 43 行.
SQL: SELECT * FROM `info` WHERE ( id = '1' )  [ RunTime:0.000707s ]
SQL: SHOW COLUMNS FROM `user` [ RunTime:0.008330s ]
SQL: select user.id,user.user,user.name,info.sex,info.birth,info.tel,info.job from `user`,`info` where user.id = info.id and user.id = '1' [ RunTime:0.000689s ]
NOTIC: [8] Use of undefined constant user - assumed 'user' E:\WAMP\www\Fanhuo\APP\Home\Controller\InfoController.class.php 第 60 行.
NOTIC: [8] Use of undefined constant id - assumed 'id' E:\WAMP\www\Fanhuo\APP\Home\Controller\InfoController.class.php 第 60 行.
SQL: select user.id,user.user,user.name from look,user where user.id = look.id_u and look.id_a = 1 [ RunTime:0.000850s ]
NOTIC: [8] Use of undefined constant user - assumed 'user' E:\WAMP\www\Fanhuo\APP\Home\Controller\InfoController.class.php 第 66 行.
NOTIC: [8] Use of undefined constant id - assumed 'id' E:\WAMP\www\Fanhuo\APP\Home\Controller\InfoController.class.php 第 66 行.
SQL: select user.id,user.user,user.name from look,user where ( user.id = look.id_u and look.id_a = 1 ) limit 0 , 5 [ RunTime:0.000799s ]
INFO: [ view_parse ] --START--
INFO: [ template_filter ] --START--
INFO: Run Behavior\ContentReplaceBehavior [ RunTime:0.000217s ]
INFO: [ template_filter ] --END-- [ RunTime:0.000330s ]
NOTIC: [8] Undefined index: addr E:\WAMP\www\Fanhuo\APP\Runtime\Cache\Home\e1584757817b653e12867d934f49c9e6.php 第 72 行.
INFO: Run Behavior\ParseTemplateBehavior [ RunTime:0.019293s ]
INFO: [ view_parse ] --END-- [ RunTime:0.019416s ]
INFO: [ view_filter ] --START--
INFO: Run Behavior\WriteHtmlCacheBehavior [ RunTime:0.000948s ]
INFO: [ view_filter ] --END-- [ RunTime:0.001044s ]
INFO: [ app_end ] --START--
INFO: Run Behavior\ShowPageTraceBehavior [ RunTime:0.001085s ]
INFO: [ app_end ] --END-- [ RunTime:0.001185s ]

[ 2016-10-11T20:32:41+08:00 ] ::1 /Fanhuo/index.php/Home/Info/user_sel
INFO: [ app_init ] --START--
INFO: Run Behavior\BuildLiteBehavior [ RunTime:0.000014s ]
INFO: [ app_init ] --END-- [ RunTime:0.000345s ]
INFO: [ app_begin ] --START--
INFO: Run Behavior\ReadHtmlCacheBehavior [ RunTime:0.000471s ]
INFO: [ app_begin ] --END-- [ RunTime:0.000520s ]
NOTIC: [8] A session had already been started - ignoring session_start() E:\WAMP\www\Fanhuo\APP\Home\Controller\InfoController.class.php 第 6 行.
NOTIC: [8] A session had already been started - ignoring session_start() E:\WAMP\www\Fanhuo\APP\Home\Controller\ContController.class.php 第 5 行.
NOTIC: [8192] mysql_connect(): The mysql extension is deprecated and will be removed in the future: use mysqli or PDO instead E:\WAMP\www\Fanhuo\ThinkPHP\Library\Think\Db\Driver\Mysql.class.php 第 52 行.
SQL: SHOW COLUMNS FROM `user` [ RunTime:0.016131s ]
SQL: SELECT `id`,`name`,`user` FROM `user` WHERE ( user = 'test1@qq.com' or name = 'test1@qq.com' )  [ RunTime:0.000647s ]
NOTIC: [8] Undefined offset: 1 E:\WAMP\www\Fanhuo\APP\Home\Controller\ContController.class.php 第 50 行.
INFO: [ app_end ] --START--
INFO: Run Behavior\ShowPageTraceBehavior [ RunTime:0.001166s ]
INFO: [ app_end ] --END-- [ RunTime:0.001260s ]

[ 2016-10-11T20:34:01+08:00 ] ::1 /Fanhuo/index.php/Home/Cont/desc
INFO: [ app_init ] --START--
INFO: Run Behavior\BuildLiteBehavior [ RunTime:0.000016s ]
INFO: [ app_init ] --END-- [ RunTime:0.000356s ]
INFO: [ app_begin ] --START--
INFO: Run Behavior\ReadHtmlCacheBehavior [ RunTime:0.000453s ]
INFO: [ app_begin ] --END-- [ RunTime:0.000506s ]
NOTIC: [8] A session had already been started - ignoring session_start() E:\WAMP\www\Fanhuo\APP\Home\Controller\ContController.class.php 第 5 行.
INFO: [ view_parse ] --START--
INFO: [ template_filter ] --START--
INFO: Run Behavior\ContentReplaceBehavior [ RunTime:0.000044s ]
INFO: [ template_filter ] --END-- [ RunTime:0.000093s ]
INFO: Run Behavior\ParseTemplateBehavior [ RunTime:0.005591s ]
INFO: [ view_parse ] --END-- [ RunTime:0.005647s ]
INFO: [ view_filter ] --START--
INFO: Run Behavior\WriteHtmlCacheBehavior [ RunTime:0.000294s ]
INFO: [ view_filter ] --END-- [ RunTime:0.000327s ]
INFO: [ app_end ] --START--
INFO: Run Behavior\ShowPageTraceBehavior [ RunTime:0.000372s ]
INFO: [ app_end ] --END-- [ RunTime:0.000410s ]

[ 2016-10-11T20:34:03+08:00 ] ::1 /Fanhuo/index.php/Home/Index/index
INFO: [ app_init ] --START--
INFO: Run Behavior\BuildLiteBehavior [ RunTime:0.000012s ]
INFO: [ app_init ] --END-- [ RunTime:0.000270s ]
INFO: [ app_begin ] --START--
INFO: Run Behavior\ReadHtmlCacheBehavior [ RunTime:0.000352s ]
INFO: [ app_begin ] --END-- [ RunTime:0.000394s ]
NOTIC: [8] A session had already been started - ignoring session_start() E:\WAMP\www\Fanhuo\APP\Home\Controller\IndexController.class.php 第 7 行.
INFO: [ view_parse ] --START--
INFO: [ template_filter ] --START--
INFO: Run Behavior\ContentReplaceBehavior [ RunTime:0.000131s ]
INFO: [ template_filter ] --END-- [ RunTime:0.000289s ]
INFO: Run Behavior\ParseTemplateBehavior [ RunTime:0.005930s ]
INFO: [ view_parse ] --END-- [ RunTime:0.005985s ]
INFO: [ view_filter ] --START--
INFO: Run Behavior\WriteHtmlCacheBehavior [ RunTime:0.000344s ]
INFO: [ view_filter ] --END-- [ RunTime:0.000385s ]
INFO: [ app_end ] --START--
INFO: Run Behavior\ShowPageTraceBehavior [ RunTime:0.000445s ]
INFO: [ app_end ] --END-- [ RunTime:0.000493s ]

[ 2016-10-11T20:34:03+08:00 ] ::1 /Fanhuo/index.php/Home/Index/verify
INFO: [ app_init ] --START--
INFO: Run Behavior\BuildLiteBehavior [ RunTime:0.000016s ]
INFO: [ app_init ] --END-- [ RunTime:0.000326s ]
INFO: [ app_begin ] --START--
INFO: Run Behavior\ReadHtmlCacheBehavior [ RunTime:0.000558s ]
INFO: [ app_begin ] --END-- [ RunTime:0.000637s ]
NOTIC: [8] A session had already been started - ignoring session_start() E:\WAMP\www\Fanhuo\APP\Home\Controller\IndexController.class.php 第 7 行.
INFO: [ app_end ] --START--
INFO: Run Behavior\ShowPageTraceBehavior [ RunTime:0.000461s ]
INFO: [ app_end ] --END-- [ RunTime:0.000523s ]

[ 2016-10-11T20:34:12+08:00 ] ::1 /Fanhuo/index.php/Home/Cont/desc
INFO: [ app_init ] --START--
INFO: Run Behavior\BuildLiteBehavior [ RunTime:0.000014s ]
INFO: [ app_init ] --END-- [ RunTime:0.000275s ]
INFO: [ app_begin ] --START--
INFO: Run Behavior\ReadHtmlCacheBehavior [ RunTime:0.000397s ]
INFO: [ app_begin ] --END-- [ RunTime:0.000440s ]
NOTIC: [8] A session had already been started - ignoring session_start() E:\WAMP\www\Fanhuo\APP\Home\Controller\ContController.class.php 第 5 行.
INFO: [ view_parse ] --START--
INFO: [ template_filter ] --START--
INFO: Run Behavior\ContentReplaceBehavior [ RunTime:0.000068s ]
INFO: [ template_filter ] --END-- [ RunTime:0.000156s ]
INFO: Run Behavior\ParseTemplateBehavior [ RunTime:0.007677s ]
INFO: [ view_parse ] --END-- [ RunTime:0.007742s ]
INFO: [ view_filter ] --START--
INFO: Run Behavior\WriteHtmlCacheBehavior [ RunTime:0.000348s ]
INFO: [ view_filter ] --END-- [ RunTime:0.000387s ]

[ 2016-10-11T20:34:15+08:00 ] ::1 /Fanhuo/index.php/Home/Index/index
INFO: [ app_init ] --START--
INFO: Run Behavior\BuildLiteBehavior [ RunTime:0.000019s ]
INFO: [ app_init ] --END-- [ RunTime:0.000439s ]
INFO: [ app_begin ] --START--
INFO: Run Behavior\ReadHtmlCacheBehavior [ RunTime:0.000542s ]
INFO: [ app_begin ] --END-- [ RunTime:0.000607s ]
NOTIC: [8] A session had already been started - ignoring session_start() E:\WAMP\www\Fanhuo\APP\Home\Controller\IndexController.class.php 第 7 行.
INFO: [ view_parse ] --START--
INFO: [ template_filter ] --START--
INFO: Run Behavior\ContentReplaceBehavior [ RunTime:0.000085s ]
INFO: [ template_filter ] --END-- [ RunTime:0.000157s ]
INFO: Run Behavior\ParseTemplateBehavior [ RunTime:0.007912s ]
INFO: [ view_parse ] --END-- [ RunTime:0.007981s ]
INFO: [ view_filter ] --START--
INFO: Run Behavior\WriteHtmlCacheBehavior [ RunTime:0.000449s ]
INFO: [ view_filter ] --END-- [ RunTime:0.000501s ]
INFO: [ app_end ] --START--
INFO: Run Behavior\ShowPageTraceBehavior [ RunTime:0.000564s ]
INFO: [ app_end ] --END-- [ RunTime:0.000620s ]

[ 2016-10-11T20:34:15+08:00 ] ::1 /Fanhuo/index.php/Home/Index/verify
INFO: [ app_init ] --START--
INFO: Run Behavior\BuildLiteBehavior [ RunTime:0.000018s ]
INFO: [ app_init ] --END-- [ RunTime:0.000410s ]
INFO: [ app_begin ] --START--
INFO: Run Behavior\ReadHtmlCacheBehavior [ RunTime:0.000402s ]
INFO: [ app_begin ] --END-- [ RunTime:0.000462s ]
NOTIC: [8] A session had already been started - ignoring session_start() E:\WAMP\www\Fanhuo\APP\Home\Controller\IndexController.class.php 第 7 行.
INFO: [ app_end ] --START--
INFO: Run Behavior\ShowPageTraceBehavior [ RunTime:0.000657s ]
INFO: [ app_end ] --END-- [ RunTime:0.000723s ]

