[ 2017-01-02T15:49:25+08:00 ] ::1 /Fanhuo/
INFO: [ app_init ] --START--
INFO: Run Behavior\BuildLiteBehavior [ RunTime:0.000020s ]
INFO: [ app_init ] --END-- [ RunTime:0.002085s ]
INFO: [ app_begin ] --START--
INFO: Run Behavior\ReadHtmlCacheBehavior [ RunTime:0.011130s ]
INFO: [ app_begin ] --END-- [ RunTime:0.011220s ]
NOTIC: [8] A session had already been started - ignoring session_start() E:\WAMP\www\Fanhuo\APP\Home\Controller\IndexController.class.php 第 7 行.
INFO: [ view_parse ] --START--
INFO: [ template_filter ] --START--
INFO: Run Behavior\ContentReplaceBehavior [ RunTime:0.000151s ]
INFO: [ template_filter ] --END-- [ RunTime:0.000250s ]
INFO: Run Behavior\ParseTemplateBehavior [ RunTime:0.049198s ]
INFO: [ view_parse ] --END-- [ RunTime:0.049332s ]
INFO: [ view_filter ] --START--
INFO: Run Behavior\WriteHtmlCacheBehavior [ RunTime:0.018164s ]
INFO: [ view_filter ] --END-- [ RunTime:0.018250s ]
INFO: [ app_end ] --START--
INFO: Run Behavior\ShowPageTraceBehavior [ RunTime:0.012987s ]
INFO: [ app_end ] --END-- [ RunTime:0.013141s ]

[ 2017-01-02T15:49:25+08:00 ] ::1 /Fanhuo/index.php/Home/Index/verify
INFO: [ app_init ] --START--
INFO: Run Behavior\BuildLiteBehavior [ RunTime:0.000023s ]
INFO: [ app_init ] --END-- [ RunTime:0.000677s ]
INFO: [ app_begin ] --START--
INFO: Run Behavior\ReadHtmlCacheBehavior [ RunTime:0.001173s ]
INFO: [ app_begin ] --END-- [ RunTime:0.001308s ]
NOTIC: [8] A session had already been started - ignoring session_start() E:\WAMP\www\Fanhuo\APP\Home\Controller\IndexController.class.php 第 7 行.
INFO: [ app_end ] --START--
INFO: Run Behavior\ShowPageTraceBehavior [ RunTime:0.000808s ]
INFO: [ app_end ] --END-- [ RunTime:0.000883s ]

